Using pre-set license
Built from '2020.3/staging' branch; Version is '2020.3.3f1 (76626098c1c4) revision 7758432'; Using compiler version '192528614'; Build Type 'Release'
OS: 'Windows 10 Pro; OS build 19042.928; Version 2009; 64bit' Language: 'en' Physical Memory: 7634 MB
BatchMode: 1, IsHumanControllingUs: 0, StartBugReporterOnCrash: 0, Is64bit: 1, IsPro: 0

 COMMAND LINE ARGUMENTS:
E:\Softwares\Unity\2020.3.3f1\Editor\Unity.exe
-adb2
-batchMode
-noUpm
-name
AssetImportWorker1
-projectPath
E:/Unity Project files/JumpRace3D_prototype
-logFile
Logs/AssetImportWorker1.log
-srvPort
53906
Successfully changed project path to: E:/Unity Project files/JumpRace3D_prototype
E:/Unity Project files/JumpRace3D_prototype
Using Asset Import Pipeline V2.
Refreshing native plugins compatible for Editor in 79.04 ms, found 0 plugins.
Preloading 0 native plugins for Editor in 0.00 ms.
Initialize engine version: 2020.3.3f1 (76626098c1c4)
[Subsystems] Discovering subsystems at path E:/Softwares/Unity/2020.3.3f1/Editor/Data/Resources/UnitySubsystems
[Subsystems] Discovering subsystems at path E:/Unity Project files/JumpRace3D_prototype/Assets
GfxDevice: creating device client; threaded=0
Direct3D:
    Version:  Direct3D 11.0 [level 11.1]
    Renderer: Intel(R) HD Graphics 4400 (ID=0x41e)
    Vendor:   
    VRAM:     2048 MB
    Driver:   20.19.15.4531
Initialize mono
Mono path[0] = 'E:/Softwares/Unity/2020.3.3f1/Editor/Data/Managed'
Mono path[1] = 'E:/Softwares/Unity/2020.3.3f1/Editor/Data/MonoBleedingEdge/lib/mono/unityjit'
Mono config path = 'E:/Softwares/Unity/2020.3.3f1/Editor/Data/MonoBleedingEdge/etc'
Using monoOptions --debugger-agent=transport=dt_socket,embedding=1,server=y,suspend=n,address=127.0.0.1:56576
Begin MonoManager ReloadAssembly
Registering precompiled unity dll's ...
Register platform support module: E:/Softwares/Unity/2020.3.3f1/Editor/Data/PlaybackEngines/WindowsStandaloneSupport/UnityEditor.WindowsStandalone.Extensions.dll
Registered in 0.001875 seconds.
Native extension for WindowsStandalone target not found
Refreshing native plugins compatible for Editor in 83.76 ms, found 0 plugins.
Preloading 0 native plugins for Editor in 0.00 ms.
Invoked RoslynAnalysisRunner static constructor.
RoslynAnalysisRunner will not be running.
RoslynAnalysisRunner has terminated.
Mono: successfully reloaded assembly
- Completed reload, in  2.068 seconds
Platform modules already initialized, skipping
Registering precompiled user dll's ...
Registered in 0.003207 seconds.
Begin MonoManager ReloadAssembly
Native extension for WindowsStandalone target not found
Refreshing native plugins compatible for Editor in 71.37 ms, found 0 plugins.
Preloading 0 native plugins for Editor in 0.00 ms.
Invoked RoslynAnalysisRunner static constructor.
RoslynAnalysisRunner will not be running.
RoslynAnalysisRunner has terminated.
Mono: successfully reloaded assembly
- Completed reload, in  1.464 seconds
Platform modules already initialized, skipping
========================================================================
Worker process is ready to serve import requests
Shader 'Universal Render Pipeline/Particles/Lit': fallback shader 'Universal Render Pipeline/Particles/SimpleLit' not found
Shader 'Universal Render Pipeline/Particles/Lit': fallback shader 'Universal Render Pipeline/Particles/SimpleLit' not found
Launched and connected shader compiler UnityShaderCompiler.exe after 0.27 seconds
Refreshing native plugins compatible for Editor in 1.15 ms, found 0 plugins.
Preloading 0 native plugins for Editor in 0.00 ms.
Unloading 2627 Unused Serialized files (Serialized files now loaded: 0)
System memory in use before: 197.4 MB.
System memory in use after: 195.8 MB.

Unloading 40 unused Assets to reduce memory usage. Loaded Objects now: 3055.
Total: 6.279400 ms (FindLiveObjects: 0.524100 ms CreateObjectMapping: 0.198700 ms MarkObjects: 3.812400 ms  DeleteObjects: 1.742000 ms)

========================================================================
Received Import Request.
  path: Assets/Materials/MainColor 1.mat
  artifactKey: Guid(df9f01c42b8de484fa5e3feb0fbcc9f1) Importer(815301076,1909f56bfc062723c751e8b465ee728b)
Start importing Assets/Materials/MainColor 1.mat using Guid(df9f01c42b8de484fa5e3feb0fbcc9f1) Importer(815301076,1909f56bfc062723c751e8b465ee728b)  -> (artifact id: 'bd29d8624c57dab1325d8044a724c24c') in 2.002770 seconds
  Import took 2.051957 seconds .

========================================================================
Received Import Request.
  Time since last request: 0.000295 seconds.
  path: Assets/Materials/Centre 1.mat
  artifactKey: Guid(5413cfe6161dde142b9f1c6575a21bef) Importer(815301076,1909f56bfc062723c751e8b465ee728b)
Start importing Assets/Materials/Centre 1.mat using Guid(5413cfe6161dde142b9f1c6575a21bef) Importer(815301076,1909f56bfc062723c751e8b465ee728b)  -> (artifact id: 'aa2a9c8378bc6625aa6f5d6c458b3202') in 0.022869 seconds
  Import took 0.056822 seconds .

========================================================================
Received Import Request.
  Time since last request: 91.923887 seconds.
  path: Assets/Prefabs/Flying Bottom.prefab
  artifactKey: Guid(53d4a164081a5f445aee145fac39d4bf) Importer(815301076,1909f56bfc062723c751e8b465ee728b)
Start importing Assets/Prefabs/Flying Bottom.prefab using Guid(53d4a164081a5f445aee145fac39d4bf) Importer(815301076,1909f56bfc062723c751e8b465ee728b)  -> (artifact id: '11323da49615974d67f4253a6c062a59') in 0.443221 seconds
  Import took 0.510803 seconds .

========================================================================
Received Import Request.
  Time since last request: 85.009746 seconds.
  path: ProjectSettings/TagManager.asset
  artifactKey: Guid(00000000000000003000000000000000) Importer(815301076,1909f56bfc062723c751e8b465ee728b)
Start importing ProjectSettings/TagManager.asset using Guid(00000000000000003000000000000000) Importer(815301076,1909f56bfc062723c751e8b465ee728b)  -> (artifact id: '4ca6e89757ef82a147085c579457c64f') in 0.072648 seconds
  Import took 0.105304 seconds .

========================================================================
Received Import Request.
  Time since last request: 14.644458 seconds.
  path: Assets/Prefabs/Flying Bottom.prefab
  artifactKey: Guid(53d4a164081a5f445aee145fac39d4bf) Importer(815301076,1909f56bfc062723c751e8b465ee728b)
Start importing Assets/Prefabs/Flying Bottom.prefab using Guid(53d4a164081a5f445aee145fac39d4bf) Importer(815301076,1909f56bfc062723c751e8b465ee728b)  -> (artifact id: '5d6f54a9d30d7e0f93fc843deff22b30') in 0.026775 seconds
  Import took 0.060888 seconds .

========================================================================
Received Import Request.
  Time since last request: 114.958441 seconds.
  path: Assets/Materials/Centre 1.mat
  artifactKey: Guid(5413cfe6161dde142b9f1c6575a21bef) Importer(815301076,1909f56bfc062723c751e8b465ee728b)
Start importing Assets/Materials/Centre 1.mat using Guid(5413cfe6161dde142b9f1c6575a21bef) Importer(815301076,1909f56bfc062723c751e8b465ee728b)  -> (artifact id: '9992f6cccbfa4f6c8f1ec95e57c33f8b') in 0.029899 seconds
  Import took 0.038439 seconds .

========================================================================
Received Import Request.
  Time since last request: 0.000267 seconds.
  path: Assets/Materials/Circle 1.mat
  artifactKey: Guid(73ed5d3f99d50bc41a71e980508570a0) Importer(815301076,1909f56bfc062723c751e8b465ee728b)
Start importing Assets/Materials/Circle 1.mat using Guid(73ed5d3f99d50bc41a71e980508570a0) Importer(815301076,1909f56bfc062723c751e8b465ee728b)  -> (artifact id: 'bea90ecc71c339fa5adecef48b9ac53e') in 0.030226 seconds
  Import took 0.077156 seconds .

========================================================================
Received Import Request.
  Time since last request: 0.000254 seconds.
  path: Assets/Materials/MainColor 1.mat
  artifactKey: Guid(df9f01c42b8de484fa5e3feb0fbcc9f1) Importer(815301076,1909f56bfc062723c751e8b465ee728b)
Start importing Assets/Materials/MainColor 1.mat using Guid(df9f01c42b8de484fa5e3feb0fbcc9f1) Importer(815301076,1909f56bfc062723c751e8b465ee728b)  -> (artifact id: '31e371fe7c8c930d18b03750b01df0b4') in 0.043051 seconds
  Import took 0.050607 seconds .

========================================================================
Received Import Request.
  Time since last request: 35.611467 seconds.
  path: Assets/Assets/Materials/Circle.mat
  artifactKey: Guid(cdd76c17bd4d71f47b0b1be26e164796) Importer(815301076,1909f56bfc062723c751e8b465ee728b)
Start importing Assets/Assets/Materials/Circle.mat using Guid(cdd76c17bd4d71f47b0b1be26e164796) Importer(815301076,1909f56bfc062723c751e8b465ee728b)  -> (artifact id: 'aff3f0fd21619a8c8a4f3d3f420fa27f') in 0.258014 seconds
  Import took 0.285843 seconds .

========================================================================
Received Import Request.
  Time since last request: 0.000573 seconds.
  path: Assets/Assets/Materials/Material.002.mat
  artifactKey: Guid(982ca70f07a481d4ba4de91aa670308a) Importer(815301076,1909f56bfc062723c751e8b465ee728b)
Start importing Assets/Assets/Materials/Material.002.mat using Guid(982ca70f07a481d4ba4de91aa670308a) Importer(815301076,1909f56bfc062723c751e8b465ee728b)  -> (artifact id: 'a3d847be04b591da3288fab9ceee37a0') in 0.041746 seconds
  Import took 0.049348 seconds .

========================================================================
Received Import Request.
  Time since last request: 0.000350 seconds.
  path: Assets/Assets/Materials/Material.003.mat
  artifactKey: Guid(3b7d6f0da25c78e43817a24563252ea0) Importer(815301076,1909f56bfc062723c751e8b465ee728b)
Start importing Assets/Assets/Materials/Material.003.mat using Guid(3b7d6f0da25c78e43817a24563252ea0) Importer(815301076,1909f56bfc062723c751e8b465ee728b)  -> (artifact id: '2134f599d1ceee6efd23ea25de652ce5') in 0.093484 seconds
  Import took 0.144573 seconds .

========================================================================
Received Import Request.
  Time since last request: 0.000335 seconds.
  path: Assets/Assets/Materials/Material.004.mat
  artifactKey: Guid(1a7a36a748da567418a32dfdf54f4a9b) Importer(815301076,1909f56bfc062723c751e8b465ee728b)
Start importing Assets/Assets/Materials/Material.004.mat using Guid(1a7a36a748da567418a32dfdf54f4a9b) Importer(815301076,1909f56bfc062723c751e8b465ee728b)  -> (artifact id: 'dff845c654867cdb104b618f2fb42690') in 0.058219 seconds
  Import took 0.118551 seconds .

========================================================================
Received Import Request.
  Time since last request: 0.000460 seconds.
  path: Assets/Assets/Materials/Material.001.mat
  artifactKey: Guid(65a6f9a7d0da6994ab3ffe60bada223c) Importer(815301076,1909f56bfc062723c751e8b465ee728b)
Start importing Assets/Assets/Materials/Material.001.mat using Guid(65a6f9a7d0da6994ab3ffe60bada223c) Importer(815301076,1909f56bfc062723c751e8b465ee728b)  -> (artifact id: '795efd9da81d0cd9dd95f70794ff3ab4') in 0.043483 seconds
  Import took 0.084901 seconds .

========================================================================
Received Import Request.
  Time since last request: 0.000288 seconds.
  path: Assets/Assets/Materials/Material.006.mat
  artifactKey: Guid(4bb3b6950dcaf5245bdb8db0ed3021df) Importer(815301076,1909f56bfc062723c751e8b465ee728b)
Start importing Assets/Assets/Materials/Material.006.mat using Guid(4bb3b6950dcaf5245bdb8db0ed3021df) Importer(815301076,1909f56bfc062723c751e8b465ee728b)  -> (artifact id: '3936a1ee850b9bd2950fd5b85036bcaa') in 0.040205 seconds
  Import took 0.080180 seconds .

========================================================================
Received Import Request.
  Time since last request: 0.000306 seconds.
  path: Assets/Assets/Materials/Material.001.mat
  artifactKey: Guid(65a6f9a7d0da6994ab3ffe60bada223c) Importer(815301076,1909f56bfc062723c751e8b465ee728b)
Start importing Assets/Assets/Materials/Material.001.mat using Guid(65a6f9a7d0da6994ab3ffe60bada223c) Importer(815301076,1909f56bfc062723c751e8b465ee728b)  -> (artifact id: '795efd9da81d0cd9dd95f70794ff3ab4') in 0.013039 seconds
  Import took 0.020483 seconds .

========================================================================
Received Import Request.
  Time since last request: 0.000307 seconds.
  path: Assets/Assets/Materials/Material.006.mat
  artifactKey: Guid(4bb3b6950dcaf5245bdb8db0ed3021df) Importer(815301076,1909f56bfc062723c751e8b465ee728b)
Start importing Assets/Assets/Materials/Material.006.mat using Guid(4bb3b6950dcaf5245bdb8db0ed3021df) Importer(815301076,1909f56bfc062723c751e8b465ee728b)  -> (artifact id: '3936a1ee850b9bd2950fd5b85036bcaa') in 0.038422 seconds
  Import took 0.047364 seconds .

========================================================================
Received Import Request.
  Time since last request: 4190.920157 seconds.
  path: Assets/Materials/RopeMat.mat
  artifactKey: Guid(e2d78c88006d1544194fd2c827b42239) Importer(815301076,1909f56bfc062723c751e8b465ee728b)
Start importing Assets/Materials/RopeMat.mat using Guid(e2d78c88006d1544194fd2c827b42239) Importer(815301076,1909f56bfc062723c751e8b465ee728b)  -> (artifact id: '65863889bedc32524c613b67ec7f9536') in 5.531738 seconds
  Import took 6.167228 seconds .

========================================================================
Received Prepare
Registering precompiled user dll's ...
Registered in 0.075979 seconds.
Begin MonoManager ReloadAssembly
Native extension for WindowsStandalone target not found
Refreshing native plugins compatible for Editor in 0.89 ms, found 0 plugins.
Preloading 0 native plugins for Editor in 0.00 ms.
Invoked RoslynAnalysisRunner static constructor.
RoslynAnalysisRunner will not be running.
RoslynAnalysisRunner has terminated.
Mono: successfully reloaded assembly
- Completed reload, in 38.627 seconds
Platform modules already initialized, skipping
Switching build target platform(5) subTarget(0) extendedPlatform(0) -> platform(13) subTarget(537395200) extendedPlatform(0)
Shader 'Universal Render Pipeline/Particles/Lit': fallback shader 'Universal Render Pipeline/Particles/SimpleLit' not found
Shader 'Universal Render Pipeline/Particles/Lit': fallback shader 'Universal Render Pipeline/Particles/SimpleLit' not found
Refreshing native plugins compatible for Editor in 1.01 ms, found 0 plugins.
Preloading 0 native plugins for Editor in 0.00 ms.
Unloading 2522 Unused Serialized files (Serialized files now loaded: 0)
System memory in use before: 194.6 MB.
System memory in use after: 193.0 MB.

Unloading 36 unused Assets to reduce memory usage. Loaded Objects now: 3136.
Total: 86.782800 ms (FindLiveObjects: 0.379100 ms CreateObjectMapping: 0.150200 ms MarkObjects: 83.676100 ms  DeleteObjects: 2.573000 ms)

AssetImportParameters requested are different than current active one (requested -> active):
  custom:graphics/normal-map-encoding: 01000000000000000000000000000000 -> 02000000000000000000000000000000
========================================================================
Received Import Request.
  Time since last request: 47342.481247 seconds.
  path: Assets/TextMesh Pro/Resources/Fonts & Materials/LiberationSans SDF - Drop Shadow.mat
  artifactKey: Guid(e73a58f6e2794ae7b1b7e50b7fb811b0) Importer(815301076,1909f56bfc062723c751e8b465ee728b)
Start importing Assets/TextMesh Pro/Resources/Fonts & Materials/LiberationSans SDF - Drop Shadow.mat using Guid(e73a58f6e2794ae7b1b7e50b7fb811b0) Importer(815301076,1909f56bfc062723c751e8b465ee728b)  -> (artifact id: 'ffeae75aee541def6d1622b9a4975b92') in 5.083959 seconds
  Import took 5.419438 seconds .

========================================================================
Received Import Request.
  Time since last request: 0.000338 seconds.
  path: Assets/TextMesh Pro/Resources/Fonts & Materials/LiberationSans SDF - Outline.mat
  artifactKey: Guid(79459efec17a4d00a321bdcc27bbc385) Importer(815301076,1909f56bfc062723c751e8b465ee728b)
Start importing Assets/TextMesh Pro/Resources/Fonts & Materials/LiberationSans SDF - Outline.mat using Guid(79459efec17a4d00a321bdcc27bbc385) Importer(815301076,1909f56bfc062723c751e8b465ee728b)  -> (artifact id: '1097393ed4d445f07c25c95225ba6986') in 0.226356 seconds
  Import took 0.315086 seconds .

========================================================================
Received Import Request.
  Time since last request: 0.000265 seconds.
  path: Assets/TextMesh Pro/Resources/Fonts & Materials/LiberationSans SDF - Fallback.asset
  artifactKey: Guid(2e498d1c8094910479dc3e1b768306a4) Importer(815301076,1909f56bfc062723c751e8b465ee728b)
Start importing Assets/TextMesh Pro/Resources/Fonts & Materials/LiberationSans SDF - Fallback.asset using Guid(2e498d1c8094910479dc3e1b768306a4) Importer(815301076,1909f56bfc062723c751e8b465ee728b)  -> (artifact id: '0f325f17d50f52e9efdfb261dc84abbc') in 0.566315 seconds
  Import took 0.664597 seconds .

========================================================================
Received Import Request.
  Time since last request: 0.000878 seconds.
  path: Assets/TextMesh Pro/Resources/Fonts & Materials/LiberationSans SDF.asset
  artifactKey: Guid(8f586378b4e144a9851e7b34d9b748ee) Importer(815301076,1909f56bfc062723c751e8b465ee728b)
Start importing Assets/TextMesh Pro/Resources/Fonts & Materials/LiberationSans SDF.asset using Guid(8f586378b4e144a9851e7b34d9b748ee) Importer(815301076,1909f56bfc062723c751e8b465ee728b)  -> (artifact id: 'b1f3c33bfdf6e39912acd176c7c2c6c3') in 0.159615 seconds
  Import took 0.205360 seconds .

========================================================================
Received Import Request.
  Time since last request: 115.862574 seconds.
  path: Assets/Animator/TaptoContinueText.controller
  artifactKey: Guid(a9a75c04598eb604bb60040ace1340c9) Importer(815301076,1909f56bfc062723c751e8b465ee728b)
Start importing Assets/Animator/TaptoContinueText.controller using Guid(a9a75c04598eb604bb60040ace1340c9) Importer(815301076,1909f56bfc062723c751e8b465ee728b)  -> (artifact id: '35ed82d4709cea026937d388a90fa43f') in 0.519644 seconds
  Import took 0.552534 seconds .

========================================================================
Received Import Request.
  Time since last request: 227.512638 seconds.
  path: Assets/Animator/TaptoContinueText.controller
  artifactKey: Guid(a9a75c04598eb604bb60040ace1340c9) Importer(815301076,1909f56bfc062723c751e8b465ee728b)
Start importing Assets/Animator/TaptoContinueText.controller using Guid(a9a75c04598eb604bb60040ace1340c9) Importer(815301076,1909f56bfc062723c751e8b465ee728b)  -> (artifact id: 'c808d38c0717d252aa85fa244a34e448') in 0.005880 seconds
  Import took 0.093703 seconds .

========================================================================
Received Import Request.
  Time since last request: 23.469072 seconds.
  path: Assets/Animations/TapToContinuetext.controller
  artifactKey: Guid(3aec7621ba8040f418937894e96d9144) Importer(815301076,1909f56bfc062723c751e8b465ee728b)
Start importing Assets/Animations/TapToContinuetext.controller using Guid(3aec7621ba8040f418937894e96d9144) Importer(815301076,1909f56bfc062723c751e8b465ee728b)  -> (artifact id: '520635b1223e289882b6705d0e2567b7') in 0.058761 seconds
  Import took 0.108717 seconds .

========================================================================
Received Import Request.
  Time since last request: 17.543847 seconds.
  path: Assets/Animations/TapToContinueText.anim
  artifactKey: Guid(12cd83cfd858ba74c87ac5a3b3e49276) Importer(815301076,1909f56bfc062723c751e8b465ee728b)
Start importing Assets/Animations/TapToContinueText.anim using Guid(12cd83cfd858ba74c87ac5a3b3e49276) Importer(815301076,1909f56bfc062723c751e8b465ee728b)  -> (artifact id: '4ffd10d4c7a5956017be6b4cb871271f') in 0.046606 seconds
  Import took 0.115332 seconds .

========================================================================
Received Import Request.
  Time since last request: 0.036455 seconds.
  path: Assets/Animations/TapToContinueText.anim
  artifactKey: Guid(12cd83cfd858ba74c87ac5a3b3e49276) Importer(815301076,1909f56bfc062723c751e8b465ee728b)
Start importing Assets/Animations/TapToContinueText.anim using Guid(12cd83cfd858ba74c87ac5a3b3e49276) Importer(815301076,1909f56bfc062723c751e8b465ee728b)  -> (artifact id: '4ffd10d4c7a5956017be6b4cb871271f') in 0.007578 seconds
  Import took 0.020427 seconds .

========================================================================
Received Prepare
Registering precompiled user dll's ...
Registered in 0.007408 seconds.
Begin MonoManager ReloadAssembly
Native extension for WindowsStandalone target not found
Refreshing native plugins compatible for Editor in 0.96 ms, found 0 plugins.
Preloading 0 native plugins for Editor in 0.00 ms.
Invoked RoslynAnalysisRunner static constructor.
RoslynAnalysisRunner will not be running.
RoslynAnalysisRunner has terminated.
Mono: successfully reloaded assembly
- Completed reload, in  3.595 seconds
Platform modules already initialized, skipping
Switching build target platform(5) subTarget(0) extendedPlatform(0) -> platform(13) subTarget(537395200) extendedPlatform(0)
Shader 'Universal Render Pipeline/Particles/Lit': fallback shader 'Universal Render Pipeline/Particles/SimpleLit' not found
Shader 'Universal Render Pipeline/Particles/Lit': fallback shader 'Universal Render Pipeline/Particles/SimpleLit' not found
Refreshing native plugins compatible for Editor in 1.14 ms, found 0 plugins.
Preloading 0 native plugins for Editor in 0.00 ms.
Unloading 2522 Unused Serialized files (Serialized files now loaded: 0)
System memory in use before: 194.8 MB.
System memory in use after: 193.3 MB.

Unloading 35 unused Assets to reduce memory usage. Loaded Objects now: 3178.
Total: 69.974200 ms (FindLiveObjects: 0.316600 ms CreateObjectMapping: 0.150700 ms MarkObjects: 62.890300 ms  DeleteObjects: 6.613800 ms)

AssetImportParameters requested are different than current active one (requested -> active):
  custom:graphics/normal-map-encoding: 01000000000000000000000000000000 -> 02000000000000000000000000000000
========================================================================
Received Prepare
Registering precompiled user dll's ...
Registered in 0.001987 seconds.
Begin MonoManager ReloadAssembly
Native extension for WindowsStandalone target not found
Refreshing native plugins compatible for Editor in 0.69 ms, found 0 plugins.
Preloading 0 native plugins for Editor in 0.00 ms.
Invoked RoslynAnalysisRunner static constructor.
RoslynAnalysisRunner will not be running.
RoslynAnalysisRunner has terminated.
Mono: successfully reloaded assembly
- Completed reload, in  1.563 seconds
Platform modules already initialized, skipping
Switching build target platform(5) subTarget(0) extendedPlatform(0) -> platform(13) subTarget(537395200) extendedPlatform(0)
Shader 'Universal Render Pipeline/Particles/Lit': fallback shader 'Universal Render Pipeline/Particles/SimpleLit' not found
Shader 'Universal Render Pipeline/Particles/Lit': fallback shader 'Universal Render Pipeline/Particles/SimpleLit' not found
Refreshing native plugins compatible for Editor in 0.91 ms, found 0 plugins.
Preloading 0 native plugins for Editor in 0.00 ms.
Unloading 2522 Unused Serialized files (Serialized files now loaded: 0)
System memory in use before: 194.9 MB.
System memory in use after: 193.3 MB.

Unloading 35 unused Assets to reduce memory usage. Loaded Objects now: 3181.
Total: 4.197200 ms (FindLiveObjects: 0.300900 ms CreateObjectMapping: 0.177100 ms MarkObjects: 2.527800 ms  DeleteObjects: 1.190000 ms)

AssetImportParameters requested are different than current active one (requested -> active):
  custom:graphics/normal-map-encoding: 01000000000000000000000000000000 -> 02000000000000000000000000000000
========================================================================
Received Prepare
Registering precompiled user dll's ...
Registered in 0.002011 seconds.
Begin MonoManager ReloadAssembly
Native extension for WindowsStandalone target not found
Refreshing native plugins compatible for Editor in 0.73 ms, found 0 plugins.
Preloading 0 native plugins for Editor in 0.00 ms.
Invoked RoslynAnalysisRunner static constructor.
RoslynAnalysisRunner will not be running.
RoslynAnalysisRunner has terminated.
Mono: successfully reloaded assembly
- Completed reload, in  1.210 seconds
Platform modules already initialized, skipping
Switching build target platform(5) subTarget(0) extendedPlatform(0) -> platform(13) subTarget(537395200) extendedPlatform(0)
Shader 'Universal Render Pipeline/Particles/Lit': fallback shader 'Universal Render Pipeline/Particles/SimpleLit' not found
Shader 'Universal Render Pipeline/Particles/Lit': fallback shader 'Universal Render Pipeline/Particles/SimpleLit' not found
Refreshing native plugins compatible for Editor in 1.07 ms, found 0 plugins.
Preloading 0 native plugins for Editor in 0.00 ms.
Unloading 2522 Unused Serialized files (Serialized files now loaded: 0)
System memory in use before: 194.9 MB.
System memory in use after: 193.3 MB.

Unloading 35 unused Assets to reduce memory usage. Loaded Objects now: 3184.
Total: 3.861900 ms (FindLiveObjects: 0.300600 ms CreateObjectMapping: 0.139800 ms MarkObjects: 2.244400 ms  DeleteObjects: 1.175700 ms)

AssetImportParameters requested are different than current active one (requested -> active):
  custom:graphics/normal-map-encoding: 01000000000000000000000000000000 -> 02000000000000000000000000000000
========================================================================
Received Prepare
Registering precompiled user dll's ...
Registered in 0.002102 seconds.
Begin MonoManager ReloadAssembly
Native extension for WindowsStandalone target not found
Refreshing native plugins compatible for Editor in 0.66 ms, found 0 plugins.
Preloading 0 native plugins for Editor in 0.00 ms.
Invoked RoslynAnalysisRunner static constructor.
RoslynAnalysisRunner will not be running.
RoslynAnalysisRunner has terminated.
Mono: successfully reloaded assembly
- Completed reload, in  1.231 seconds
Platform modules already initialized, skipping
Switching build target platform(5) subTarget(0) extendedPlatform(0) -> platform(13) subTarget(537395200) extendedPlatform(0)
Shader 'Universal Render Pipeline/Particles/Lit': fallback shader 'Universal Render Pipeline/Particles/SimpleLit' not found
Shader 'Universal Render Pipeline/Particles/Lit': fallback shader 'Universal Render Pipeline/Particles/SimpleLit' not found
Refreshing native plugins compatible for Editor in 1.12 ms, found 0 plugins.
Preloading 0 native plugins for Editor in 0.00 ms.
Unloading 2522 Unused Serialized files (Serialized files now loaded: 0)
System memory in use before: 194.9 MB.
System memory in use after: 193.3 MB.

Unloading 35 unused Assets to reduce memory usage. Loaded Objects now: 3187.
Total: 4.622200 ms (FindLiveObjects: 0.442300 ms CreateObjectMapping: 0.167100 ms MarkObjects: 2.708700 ms  DeleteObjects: 1.302300 ms)

AssetImportParameters requested are different than current active one (requested -> active):
  custom:graphics/normal-map-encoding: 01000000000000000000000000000000 -> 02000000000000000000000000000000
========================================================================
Received Prepare
Registering precompiled user dll's ...
Registered in 0.001994 seconds.
Begin MonoManager ReloadAssembly
Native extension for WindowsStandalone target not found
Refreshing native plugins compatible for Editor in 0.65 ms, found 0 plugins.
Preloading 0 native plugins for Editor in 0.00 ms.
Invoked RoslynAnalysisRunner static constructor.
RoslynAnalysisRunner will not be running.
RoslynAnalysisRunner has terminated.
Mono: successfully reloaded assembly
- Completed reload, in  1.246 seconds
Platform modules already initialized, skipping
Switching build target platform(5) subTarget(0) extendedPlatform(0) -> platform(13) subTarget(537395200) extendedPlatform(0)
Shader 'Universal Render Pipeline/Particles/Lit': fallback shader 'Universal Render Pipeline/Particles/SimpleLit' not found
Shader 'Universal Render Pipeline/Particles/Lit': fallback shader 'Universal Render Pipeline/Particles/SimpleLit' not found
Refreshing native plugins compatible for Editor in 1.16 ms, found 0 plugins.
Preloading 0 native plugins for Editor in 0.00 ms.
Unloading 2522 Unused Serialized files (Serialized files now loaded: 0)
System memory in use before: 195.0 MB.
System memory in use after: 193.3 MB.

Unloading 35 unused Assets to reduce memory usage. Loaded Objects now: 3190.
Total: 4.582500 ms (FindLiveObjects: 0.339000 ms CreateObjectMapping: 0.308900 ms MarkObjects: 2.521000 ms  DeleteObjects: 1.411900 ms)

AssetImportParameters requested are different than current active one (requested -> active):
  custom:graphics/normal-map-encoding: 01000000000000000000000000000000 -> 02000000000000000000000000000000
========================================================================
Received Prepare
Registering precompiled user dll's ...
Registered in 0.001926 seconds.
Begin MonoManager ReloadAssembly
Native extension for WindowsStandalone target not found
Refreshing native plugins compatible for Editor in 0.67 ms, found 0 plugins.
Preloading 0 native plugins for Editor in 0.00 ms.
Invoked RoslynAnalysisRunner static constructor.
RoslynAnalysisRunner will not be running.
RoslynAnalysisRunner has terminated.
Mono: successfully reloaded assembly
- Completed reload, in  1.184 seconds
Platform modules already initialized, skipping
Switching build target platform(5) subTarget(0) extendedPlatform(0) -> platform(13) subTarget(537395200) extendedPlatform(0)
Shader 'Universal Render Pipeline/Particles/Lit': fallback shader 'Universal Render Pipeline/Particles/SimpleLit' not found
Shader 'Universal Render Pipeline/Particles/Lit': fallback shader 'Universal Render Pipeline/Particles/SimpleLit' not found
Refreshing native plugins compatible for Editor in 1.03 ms, found 0 plugins.
Preloading 0 native plugins for Editor in 0.00 ms.
Unloading 2522 Unused Serialized files (Serialized files now loaded: 0)
System memory in use before: 195.0 MB.
System memory in use after: 193.3 MB.

Unloading 35 unused Assets to reduce memory usage. Loaded Objects now: 3193.
Total: 6.164300 ms (FindLiveObjects: 0.374700 ms CreateObjectMapping: 0.169700 ms MarkObjects: 3.607000 ms  DeleteObjects: 2.010200 ms)

AssetImportParameters requested are different than current active one (requested -> active):
  custom:graphics/normal-map-encoding: 01000000000000000000000000000000 -> 02000000000000000000000000000000
========================================================================
Received Prepare
Registering precompiled user dll's ...
Registered in 0.002132 seconds.
Begin MonoManager ReloadAssembly
Native extension for WindowsStandalone target not found
Refreshing native plugins compatible for Editor in 0.73 ms, found 0 plugins.
Preloading 0 native plugins for Editor in 0.00 ms.
Invoked RoslynAnalysisRunner static constructor.
RoslynAnalysisRunner will not be running.
RoslynAnalysisRunner has terminated.
Mono: successfully reloaded assembly
- Completed reload, in  1.268 seconds
Platform modules already initialized, skipping
Switching build target platform(5) subTarget(0) extendedPlatform(0) -> platform(13) subTarget(537395200) extendedPlatform(0)
Shader 'Universal Render Pipeline/Particles/Lit': fallback shader 'Universal Render Pipeline/Particles/SimpleLit' not found
Shader 'Universal Render Pipeline/Particles/Lit': fallback shader 'Universal Render Pipeline/Particles/SimpleLit' not found
Refreshing native plugins compatible for Editor in 0.97 ms, found 0 plugins.
Preloading 0 native plugins for Editor in 0.00 ms.
Unloading 2522 Unused Serialized files (Serialized files now loaded: 0)
System memory in use before: 195.0 MB.
System memory in use after: 193.3 MB.

Unloading 35 unused Assets to reduce memory usage. Loaded Objects now: 3196.
Total: 5.948800 ms (FindLiveObjects: 0.643300 ms CreateObjectMapping: 0.340000 ms MarkObjects: 3.679900 ms  DeleteObjects: 1.283700 ms)

AssetImportParameters requested are different than current active one (requested -> active):
  custom:graphics/normal-map-encoding: 01000000000000000000000000000000 -> 02000000000000000000000000000000
========================================================================
Received Prepare
Registering precompiled user dll's ...
Registered in 0.001986 seconds.
Begin MonoManager ReloadAssembly
Native extension for WindowsStandalone target not found
Refreshing native plugins compatible for Editor in 0.72 ms, found 0 plugins.
Preloading 0 native plugins for Editor in 0.00 ms.
Invoked RoslynAnalysisRunner static constructor.
RoslynAnalysisRunner will not be running.
RoslynAnalysisRunner has terminated.
Mono: successfully reloaded assembly
- Completed reload, in  1.153 seconds
Platform modules already initialized, skipping
Switching build target platform(5) subTarget(0) extendedPlatform(0) -> platform(13) subTarget(537395200) extendedPlatform(0)
Shader 'Universal Render Pipeline/Particles/Lit': fallback shader 'Universal Render Pipeline/Particles/SimpleLit' not found
Shader 'Universal Render Pipeline/Particles/Lit': fallback shader 'Universal Render Pipeline/Particles/SimpleLit' not found
Refreshing native plugins compatible for Editor in 1.09 ms, found 0 plugins.
Preloading 0 native plugins for Editor in 0.00 ms.
Unloading 2522 Unused Serialized files (Serialized files now loaded: 0)
System memory in use before: 195.0 MB.
System memory in use after: 193.3 MB.

Unloading 35 unused Assets to reduce memory usage. Loaded Objects now: 3199.
Total: 8.363800 ms (FindLiveObjects: 0.700400 ms CreateObjectMapping: 0.307600 ms MarkObjects: 5.107400 ms  DeleteObjects: 2.245200 ms)

AssetImportParameters requested are different than current active one (requested -> active):
  custom:graphics/normal-map-encoding: 01000000000000000000000000000000 -> 02000000000000000000000000000000
========================================================================
Received Prepare
Registering precompiled user dll's ...
Registered in 0.001989 seconds.
Begin MonoManager ReloadAssembly
Native extension for WindowsStandalone target not found
Refreshing native plugins compatible for Editor in 1.16 ms, found 0 plugins.
Preloading 0 native plugins for Editor in 0.00 ms.
Invoked RoslynAnalysisRunner static constructor.
RoslynAnalysisRunner will not be running.
RoslynAnalysisRunner has terminated.
Mono: successfully reloaded assembly
- Completed reload, in  1.708 seconds
Platform modules already initialized, skipping
Switching build target platform(5) subTarget(0) extendedPlatform(0) -> platform(13) subTarget(537395200) extendedPlatform(0)
Shader 'Universal Render Pipeline/Particles/Lit': fallback shader 'Universal Render Pipeline/Particles/SimpleLit' not found
Shader 'Universal Render Pipeline/Particles/Lit': fallback shader 'Universal Render Pipeline/Particles/SimpleLit' not found
Refreshing native plugins compatible for Editor in 1.16 ms, found 0 plugins.
Preloading 0 native plugins for Editor in 0.00 ms.
Unloading 2522 Unused Serialized files (Serialized files now loaded: 0)
System memory in use before: 195.0 MB.
System memory in use after: 193.3 MB.

Unloading 35 unused Assets to reduce memory usage. Loaded Objects now: 3202.
Total: 6.580500 ms (FindLiveObjects: 0.709800 ms CreateObjectMapping: 0.348700 ms MarkObjects: 4.069800 ms  DeleteObjects: 1.450100 ms)

AssetImportParameters requested are different than current active one (requested -> active):
  custom:graphics/normal-map-encoding: 01000000000000000000000000000000 -> 02000000000000000000000000000000
========================================================================
Received Prepare
Registering precompiled user dll's ...
Registered in 0.002722 seconds.
Begin MonoManager ReloadAssembly
Native extension for WindowsStandalone target not found
Refreshing native plugins compatible for Editor in 0.65 ms, found 0 plugins.
Preloading 0 native plugins for Editor in 0.00 ms.
Invoked RoslynAnalysisRunner static constructor.
RoslynAnalysisRunner will not be running.
RoslynAnalysisRunner has terminated.
Mono: successfully reloaded assembly
- Completed reload, in  1.221 seconds
Platform modules already initialized, skipping
Switching build target platform(5) subTarget(0) extendedPlatform(0) -> platform(13) subTarget(537395200) extendedPlatform(0)
Shader 'Universal Render Pipeline/Particles/Lit': fallback shader 'Universal Render Pipeline/Particles/SimpleLit' not found
Shader 'Universal Render Pipeline/Particles/Lit': fallback shader 'Universal Render Pipeline/Particles/SimpleLit' not found
Refreshing native plugins compatible for Editor in 1.75 ms, found 0 plugins.
Preloading 0 native plugins for Editor in 0.00 ms.
Unloading 2522 Unused Serialized files (Serialized files now loaded: 0)
System memory in use before: 194.9 MB.
System memory in use after: 193.3 MB.

Unloading 35 unused Assets to reduce memory usage. Loaded Objects now: 3205.
Total: 7.629500 ms (FindLiveObjects: 0.941300 ms CreateObjectMapping: 0.428700 ms MarkObjects: 4.185100 ms  DeleteObjects: 2.065100 ms)

AssetImportParameters requested are different than current active one (requested -> active):
  custom:graphics/normal-map-encoding: 01000000000000000000000000000000 -> 02000000000000000000000000000000
========================================================================
Received Prepare
Registering precompiled user dll's ...
Registered in 0.002510 seconds.
Begin MonoManager ReloadAssembly
Native extension for WindowsStandalone target not found
Refreshing native plugins compatible for Editor in 0.66 ms, found 0 plugins.
Preloading 0 native plugins for Editor in 0.00 ms.
Invoked RoslynAnalysisRunner static constructor.
RoslynAnalysisRunner will not be running.
RoslynAnalysisRunner has terminated.
Mono: successfully reloaded assembly
- Completed reload, in  1.348 seconds
Platform modules already initialized, skipping
Switching build target platform(5) subTarget(0) extendedPlatform(0) -> platform(13) subTarget(537395200) extendedPlatform(0)
Shader 'Universal Render Pipeline/Particles/Lit': fallback shader 'Universal Render Pipeline/Particles/SimpleLit' not found
Shader 'Universal Render Pipeline/Particles/Lit': fallback shader 'Universal Render Pipeline/Particles/SimpleLit' not found
Refreshing native plugins compatible for Editor in 0.95 ms, found 0 plugins.
Preloading 0 native plugins for Editor in 0.00 ms.
Unloading 2522 Unused Serialized files (Serialized files now loaded: 0)
System memory in use before: 195.0 MB.
System memory in use after: 193.4 MB.

Unloading 35 unused Assets to reduce memory usage. Loaded Objects now: 3208.
Total: 4.478000 ms (FindLiveObjects: 0.418900 ms CreateObjectMapping: 0.283000 ms MarkObjects: 2.462900 ms  DeleteObjects: 1.311600 ms)

AssetImportParameters requested are different than current active one (requested -> active):
  custom:graphics/normal-map-encoding: 01000000000000000000000000000000 -> 02000000000000000000000000000000
========================================================================
Received Prepare
Registering precompiled user dll's ...
Registered in 0.002294 seconds.
Begin MonoManager ReloadAssembly
Native extension for WindowsStandalone target not found
Refreshing native plugins compatible for Editor in 0.68 ms, found 0 plugins.
Preloading 0 native plugins for Editor in 0.00 ms.
Invoked RoslynAnalysisRunner static constructor.
RoslynAnalysisRunner will not be running.
RoslynAnalysisRunner has terminated.
Mono: successfully reloaded assembly
- Completed reload, in  1.307 seconds
Platform modules already initialized, skipping
Switching build target platform(5) subTarget(0) extendedPlatform(0) -> platform(13) subTarget(537395200) extendedPlatform(0)
Shader 'Universal Render Pipeline/Particles/Lit': fallback shader 'Universal Render Pipeline/Particles/SimpleLit' not found
Shader 'Universal Render Pipeline/Particles/Lit': fallback shader 'Universal Render Pipeline/Particles/SimpleLit' not found
Refreshing native plugins compatible for Editor in 1.04 ms, found 0 plugins.
Preloading 0 native plugins for Editor in 0.00 ms.
Unloading 2522 Unused Serialized files (Serialized files now loaded: 0)
System memory in use before: 194.9 MB.
System memory in use after: 193.4 MB.

Unloading 35 unused Assets to reduce memory usage. Loaded Objects now: 3211.
Total: 5.027800 ms (FindLiveObjects: 0.310500 ms CreateObjectMapping: 0.177700 ms MarkObjects: 3.256300 ms  DeleteObjects: 1.281500 ms)

AssetImportParameters requested are different than current active one (requested -> active):
  custom:graphics/normal-map-encoding: 01000000000000000000000000000000 -> 02000000000000000000000000000000
