Using pre-set license
Built from '2020.3/staging' branch; Version is '2020.3.3f1 (76626098c1c4) revision 7758432'; Using compiler version '192528614'; Build Type 'Release'
OS: 'Windows 10 Pro; OS build 19042.928; Version 2009; 64bit' Language: 'en' Physical Memory: 7634 MB
BatchMode: 1, IsHumanControllingUs: 0, StartBugReporterOnCrash: 0, Is64bit: 1, IsPro: 0

 COMMAND LINE ARGUMENTS:
E:\Softwares\Unity\2020.3.3f1\Editor\Unity.exe
-adb2
-batchMode
-noUpm
-name
AssetImportWorker0
-projectPath
E:/Unity Project files/JumpRace3D_prototype
-logFile
Logs/AssetImportWorker0.log
-srvPort
55070
Successfully changed project path to: E:/Unity Project files/JumpRace3D_prototype
E:/Unity Project files/JumpRace3D_prototype
Using Asset Import Pipeline V2.
Refreshing native plugins compatible for Editor in 82.43 ms, found 0 plugins.
Preloading 0 native plugins for Editor in 0.00 ms.
Initialize engine version: 2020.3.3f1 (76626098c1c4)
[Subsystems] Discovering subsystems at path E:/Softwares/Unity/2020.3.3f1/Editor/Data/Resources/UnitySubsystems
[Subsystems] Discovering subsystems at path E:/Unity Project files/JumpRace3D_prototype/Assets
GfxDevice: creating device client; threaded=0
Direct3D:
    Version:  Direct3D 11.0 [level 11.1]
    Renderer: Intel(R) HD Graphics 4400 (ID=0x41e)
    Vendor:   
    VRAM:     2048 MB
    Driver:   20.19.15.4531
Initialize mono
Mono path[0] = 'E:/Softwares/Unity/2020.3.3f1/Editor/Data/Managed'
Mono path[1] = 'E:/Softwares/Unity/2020.3.3f1/Editor/Data/MonoBleedingEdge/lib/mono/unityjit'
Mono config path = 'E:/Softwares/Unity/2020.3.3f1/Editor/Data/MonoBleedingEdge/etc'
Using monoOptions --debugger-agent=transport=dt_socket,embedding=1,server=y,suspend=n,address=127.0.0.1:56760
Begin MonoManager ReloadAssembly
Registering precompiled unity dll's ...
Register platform support module: E:/Softwares/Unity/2020.3.3f1/Editor/Data/PlaybackEngines/WindowsStandaloneSupport/UnityEditor.WindowsStandalone.Extensions.dll
Registered in 0.001133 seconds.
Native extension for WindowsStandalone target not found
Refreshing native plugins compatible for Editor in 67.85 ms, found 0 plugins.
Preloading 0 native plugins for Editor in 0.00 ms.
Invoked RoslynAnalysisRunner static constructor.
RoslynAnalysisRunner will not be running.
RoslynAnalysisRunner has terminated.
Mono: successfully reloaded assembly
- Completed reload, in  1.886 seconds
Platform modules already initialized, skipping
Registering precompiled user dll's ...
Registered in 0.003834 seconds.
Begin MonoManager ReloadAssembly
Native extension for WindowsStandalone target not found
Refreshing native plugins compatible for Editor in 63.41 ms, found 0 plugins.
Preloading 0 native plugins for Editor in 0.00 ms.
Invoked RoslynAnalysisRunner static constructor.
RoslynAnalysisRunner will not be running.
RoslynAnalysisRunner has terminated.
Mono: successfully reloaded assembly
- Completed reload, in  1.266 seconds
Platform modules already initialized, skipping
========================================================================
Worker process is ready to serve import requests
Shader 'Universal Render Pipeline/Particles/Lit': fallback shader 'Universal Render Pipeline/Particles/SimpleLit' not found
Shader 'Universal Render Pipeline/Particles/Lit': fallback shader 'Universal Render Pipeline/Particles/SimpleLit' not found
Launched and connected shader compiler UnityShaderCompiler.exe after 0.25 seconds
Refreshing native plugins compatible for Editor in 1.08 ms, found 0 plugins.
Preloading 0 native plugins for Editor in 0.00 ms.
Unloading 2629 Unused Serialized files (Serialized files now loaded: 0)
System memory in use before: 197.8 MB.
System memory in use after: 196.2 MB.

Unloading 40 unused Assets to reduce memory usage. Loaded Objects now: 3057.
Total: 3.857100 ms (FindLiveObjects: 0.448300 ms CreateObjectMapping: 0.161800 ms MarkObjects: 2.175800 ms  DeleteObjects: 1.069800 ms)

========================================================================
Received Import Request.
  path: Assets/Animations/CharacterFBX@Jumping 1.fbx
  artifactKey: Guid(24c2c43ea0849e34095fadbd1b1cde21) Importer(815301076,1909f56bfc062723c751e8b465ee728b)
Start importing Assets/Animations/CharacterFBX@Jumping 1.fbx using Guid(24c2c43ea0849e34095fadbd1b1cde21) Importer(815301076,1909f56bfc062723c751e8b465ee728b)  -> (artifact id: '83f40a00996826a2edb822b1fcd6e5ae') in 2.604223 seconds
  Import took 2.657965 seconds .

========================================================================
Received Import Request.
  Time since last request: 0.028397 seconds.
  path: Assets/Animations/CharacterFBX@Running Forward Flip.fbx
  artifactKey: Guid(466497038d6ac8042a197616ad2657b3) Importer(815301076,1909f56bfc062723c751e8b465ee728b)
Start importing Assets/Animations/CharacterFBX@Running Forward Flip.fbx using Guid(466497038d6ac8042a197616ad2657b3) Importer(815301076,1909f56bfc062723c751e8b465ee728b)  -> (artifact id: '1c75f8d04b743355aab8fd435e4207a6') in 0.085756 seconds
  Import took 0.119597 seconds .

========================================================================
Received Import Request.
  Time since last request: 0.000260 seconds.
  path: Assets/Animations/CharacterFBX@Belly Dance.fbx
  artifactKey: Guid(320504c56e1f5bd4ea6b6de04265b71b) Importer(815301076,1909f56bfc062723c751e8b465ee728b)
Start importing Assets/Animations/CharacterFBX@Belly Dance.fbx using Guid(320504c56e1f5bd4ea6b6de04265b71b) Importer(815301076,1909f56bfc062723c751e8b465ee728b)  -> (artifact id: '606be135f18efbe20deb41294cd8d4ca') in 0.076129 seconds
  Import took 0.108719 seconds .

========================================================================
Received Import Request.
  Time since last request: 0.000276 seconds.
  path: Assets/Animations/CharacterFBX@Falling Idle.fbx
  artifactKey: Guid(23283f236e460e947928a774b54ef8ab) Importer(815301076,1909f56bfc062723c751e8b465ee728b)
Start importing Assets/Animations/CharacterFBX@Falling Idle.fbx using Guid(23283f236e460e947928a774b54ef8ab) Importer(815301076,1909f56bfc062723c751e8b465ee728b)  -> (artifact id: '26367d6933b38cd438f59d7bc97f712f') in 0.094910 seconds
  Import took 0.114174 seconds .

========================================================================
Received Prepare
Shader 'Universal Render Pipeline/Particles/Lit': fallback shader 'Universal Render Pipeline/Particles/SimpleLit' not found
Shader 'Universal Render Pipeline/Particles/Lit': fallback shader 'Universal Render Pipeline/Particles/SimpleLit' not found
Refreshing native plugins compatible for Editor in 2.63 ms, found 0 plugins.
Preloading 0 native plugins for Editor in 0.00 ms.
Unloading 32 Unused Serialized files (Serialized files now loaded: 0)
System memory in use before: 160.1 MB.
System memory in use after: 158.5 MB.

Unloading 32 unused Assets to reduce memory usage. Loaded Objects now: 3133.
Total: 4.920100 ms (FindLiveObjects: 0.308200 ms CreateObjectMapping: 0.146900 ms MarkObjects: 3.239300 ms  DeleteObjects: 1.223000 ms)

========================================================================
Received Import Request.
  Time since last request: 3.497277 seconds.
  path: Assets/Materials/Line.mat
  artifactKey: Guid(449d236b3ae17264e8e9dcb433e2b45d) Importer(815301076,1909f56bfc062723c751e8b465ee728b)
Start importing Assets/Materials/Line.mat using Guid(449d236b3ae17264e8e9dcb433e2b45d) Importer(815301076,1909f56bfc062723c751e8b465ee728b)  -> (artifact id: 'f812c9b69d6554a483673c29ecb4968b') in 0.114317 seconds
  Import took 0.147338 seconds .

========================================================================
Received Prepare
Registering precompiled user dll's ...
Registered in 0.001898 seconds.
Begin MonoManager ReloadAssembly
Native extension for WindowsStandalone target not found
Refreshing native plugins compatible for Editor in 0.70 ms, found 0 plugins.
Preloading 0 native plugins for Editor in 0.00 ms.
Invoked RoslynAnalysisRunner static constructor.
RoslynAnalysisRunner will not be running.
RoslynAnalysisRunner has terminated.
Mono: successfully reloaded assembly
- Completed reload, in  1.289 seconds
Platform modules already initialized, skipping
Switching build target platform(5) subTarget(0) extendedPlatform(0) -> platform(13) subTarget(537395200) extendedPlatform(0)
Shader 'Universal Render Pipeline/Particles/Lit': fallback shader 'Universal Render Pipeline/Particles/SimpleLit' not found
Shader 'Universal Render Pipeline/Particles/Lit': fallback shader 'Universal Render Pipeline/Particles/SimpleLit' not found
Refreshing native plugins compatible for Editor in 1.12 ms, found 0 plugins.
Preloading 0 native plugins for Editor in 0.00 ms.
Unloading 2524 Unused Serialized files (Serialized files now loaded: 0)
System memory in use before: 208.5 MB.
System memory in use after: 207.0 MB.

Unloading 35 unused Assets to reduce memory usage. Loaded Objects now: 3142.
Total: 11.158000 ms (FindLiveObjects: 0.849500 ms CreateObjectMapping: 0.295100 ms MarkObjects: 5.633600 ms  DeleteObjects: 4.359400 ms)

AssetImportParameters requested are different than current active one (requested -> active):
  custom:graphics/normal-map-encoding: 01000000000000000000000000000000 -> 02000000000000000000000000000000
========================================================================
Received Prepare
Registering precompiled user dll's ...
Registered in 0.003024 seconds.
Begin MonoManager ReloadAssembly
Native extension for WindowsStandalone target not found
Refreshing native plugins compatible for Editor in 0.66 ms, found 0 plugins.
Preloading 0 native plugins for Editor in 0.00 ms.
Invoked RoslynAnalysisRunner static constructor.
RoslynAnalysisRunner will not be running.
RoslynAnalysisRunner has terminated.
Mono: successfully reloaded assembly
- Completed reload, in  1.380 seconds
Platform modules already initialized, skipping
Switching build target platform(5) subTarget(0) extendedPlatform(0) -> platform(13) subTarget(537395200) extendedPlatform(0)
Shader 'Universal Render Pipeline/Particles/Lit': fallback shader 'Universal Render Pipeline/Particles/SimpleLit' not found
Shader 'Universal Render Pipeline/Particles/Lit': fallback shader 'Universal Render Pipeline/Particles/SimpleLit' not found
Refreshing native plugins compatible for Editor in 0.63 ms, found 0 plugins.
Preloading 0 native plugins for Editor in 0.00 ms.
Unloading 2524 Unused Serialized files (Serialized files now loaded: 0)
System memory in use before: 208.6 MB.
System memory in use after: 207.0 MB.

Unloading 35 unused Assets to reduce memory usage. Loaded Objects now: 3145.
Total: 4.670700 ms (FindLiveObjects: 0.570100 ms CreateObjectMapping: 0.312800 ms MarkObjects: 2.555100 ms  DeleteObjects: 1.230900 ms)

AssetImportParameters requested are different than current active one (requested -> active):
  custom:graphics/normal-map-encoding: 01000000000000000000000000000000 -> 02000000000000000000000000000000
========================================================================
Received Prepare
Registering precompiled user dll's ...
Registered in 0.001910 seconds.
Begin MonoManager ReloadAssembly
Native extension for WindowsStandalone target not found
Refreshing native plugins compatible for Editor in 0.62 ms, found 0 plugins.
Preloading 0 native plugins for Editor in 0.00 ms.
Invoked RoslynAnalysisRunner static constructor.
RoslynAnalysisRunner will not be running.
RoslynAnalysisRunner has terminated.
Mono: successfully reloaded assembly
- Completed reload, in  1.283 seconds
Platform modules already initialized, skipping
Switching build target platform(5) subTarget(0) extendedPlatform(0) -> platform(13) subTarget(537395200) extendedPlatform(0)
Shader 'Universal Render Pipeline/Particles/Lit': fallback shader 'Universal Render Pipeline/Particles/SimpleLit' not found
Shader 'Universal Render Pipeline/Particles/Lit': fallback shader 'Universal Render Pipeline/Particles/SimpleLit' not found
Refreshing native plugins compatible for Editor in 1.27 ms, found 0 plugins.
Preloading 0 native plugins for Editor in 0.00 ms.
Unloading 2524 Unused Serialized files (Serialized files now loaded: 0)
System memory in use before: 208.7 MB.
System memory in use after: 207.0 MB.

Unloading 35 unused Assets to reduce memory usage. Loaded Objects now: 3148.
Total: 9.503100 ms (FindLiveObjects: 1.079900 ms CreateObjectMapping: 0.309000 ms MarkObjects: 6.534400 ms  DeleteObjects: 1.573800 ms)

AssetImportParameters requested are different than current active one (requested -> active):
  custom:graphics/normal-map-encoding: 01000000000000000000000000000000 -> 02000000000000000000000000000000
========================================================================
Received Prepare
Registering precompiled user dll's ...
Registered in 0.002350 seconds.
Begin MonoManager ReloadAssembly
Native extension for WindowsStandalone target not found
Refreshing native plugins compatible for Editor in 1.05 ms, found 0 plugins.
Preloading 0 native plugins for Editor in 0.00 ms.
Invoked RoslynAnalysisRunner static constructor.
RoslynAnalysisRunner will not be running.
RoslynAnalysisRunner has terminated.
Mono: successfully reloaded assembly
- Completed reload, in  1.300 seconds
Platform modules already initialized, skipping
Switching build target platform(5) subTarget(0) extendedPlatform(0) -> platform(13) subTarget(537395200) extendedPlatform(0)
Shader 'Universal Render Pipeline/Particles/Lit': fallback shader 'Universal Render Pipeline/Particles/SimpleLit' not found
Shader 'Universal Render Pipeline/Particles/Lit': fallback shader 'Universal Render Pipeline/Particles/SimpleLit' not found
Refreshing native plugins compatible for Editor in 1.09 ms, found 0 plugins.
Preloading 0 native plugins for Editor in 0.00 ms.
Unloading 2524 Unused Serialized files (Serialized files now loaded: 0)
System memory in use before: 208.6 MB.
System memory in use after: 207.0 MB.

Unloading 35 unused Assets to reduce memory usage. Loaded Objects now: 3151.
Total: 6.328500 ms (FindLiveObjects: 0.466400 ms CreateObjectMapping: 0.181100 ms MarkObjects: 3.669900 ms  DeleteObjects: 2.008700 ms)

AssetImportParameters requested are different than current active one (requested -> active):
  custom:graphics/normal-map-encoding: 01000000000000000000000000000000 -> 02000000000000000000000000000000
========================================================================
Received Prepare
Registering precompiled user dll's ...
Registered in 0.002129 seconds.
Begin MonoManager ReloadAssembly
Native extension for WindowsStandalone target not found
Refreshing native plugins compatible for Editor in 0.66 ms, found 0 plugins.
Preloading 0 native plugins for Editor in 0.00 ms.
Invoked RoslynAnalysisRunner static constructor.
RoslynAnalysisRunner will not be running.
RoslynAnalysisRunner has terminated.
Mono: successfully reloaded assembly
- Completed reload, in  1.333 seconds
Platform modules already initialized, skipping
Switching build target platform(5) subTarget(0) extendedPlatform(0) -> platform(13) subTarget(537395200) extendedPlatform(0)
Shader 'Universal Render Pipeline/Particles/Lit': fallback shader 'Universal Render Pipeline/Particles/SimpleLit' not found
Shader 'Universal Render Pipeline/Particles/Lit': fallback shader 'Universal Render Pipeline/Particles/SimpleLit' not found
Refreshing native plugins compatible for Editor in 1.63 ms, found 0 plugins.
Preloading 0 native plugins for Editor in 0.00 ms.
Unloading 2524 Unused Serialized files (Serialized files now loaded: 0)
System memory in use before: 208.5 MB.
System memory in use after: 207.0 MB.

Unloading 35 unused Assets to reduce memory usage. Loaded Objects now: 3154.
Total: 7.880100 ms (FindLiveObjects: 0.678000 ms CreateObjectMapping: 0.334700 ms MarkObjects: 4.296500 ms  DeleteObjects: 2.567600 ms)

AssetImportParameters requested are different than current active one (requested -> active):
  custom:graphics/normal-map-encoding: 01000000000000000000000000000000 -> 02000000000000000000000000000000
========================================================================
Received Prepare
Registering precompiled user dll's ...
Registered in 0.003118 seconds.
Begin MonoManager ReloadAssembly
Native extension for WindowsStandalone target not found
Refreshing native plugins compatible for Editor in 0.68 ms, found 0 plugins.
Preloading 0 native plugins for Editor in 0.00 ms.
Invoked RoslynAnalysisRunner static constructor.
RoslynAnalysisRunner will not be running.
RoslynAnalysisRunner has terminated.
Mono: successfully reloaded assembly
- Completed reload, in  1.337 seconds
Platform modules already initialized, skipping
Switching build target platform(5) subTarget(0) extendedPlatform(0) -> platform(13) subTarget(537395200) extendedPlatform(0)
Shader 'Universal Render Pipeline/Particles/Lit': fallback shader 'Universal Render Pipeline/Particles/SimpleLit' not found
Shader 'Universal Render Pipeline/Particles/Lit': fallback shader 'Universal Render Pipeline/Particles/SimpleLit' not found
Refreshing native plugins compatible for Editor in 0.96 ms, found 0 plugins.
Preloading 0 native plugins for Editor in 0.00 ms.
Unloading 2524 Unused Serialized files (Serialized files now loaded: 0)
System memory in use before: 208.7 MB.
System memory in use after: 207.1 MB.

Unloading 35 unused Assets to reduce memory usage. Loaded Objects now: 3157.
Total: 4.058800 ms (FindLiveObjects: 0.327200 ms CreateObjectMapping: 0.150400 ms MarkObjects: 2.278700 ms  DeleteObjects: 1.300900 ms)

AssetImportParameters requested are different than current active one (requested -> active):
  custom:graphics/normal-map-encoding: 01000000000000000000000000000000 -> 02000000000000000000000000000000
========================================================================
Received Prepare
Registering precompiled user dll's ...
Registered in 0.002066 seconds.
Begin MonoManager ReloadAssembly
Native extension for WindowsStandalone target not found
Refreshing native plugins compatible for Editor in 0.66 ms, found 0 plugins.
Preloading 0 native plugins for Editor in 0.00 ms.
Invoked RoslynAnalysisRunner static constructor.
RoslynAnalysisRunner will not be running.
RoslynAnalysisRunner has terminated.
Mono: successfully reloaded assembly
- Completed reload, in  1.344 seconds
Platform modules already initialized, skipping
Switching build target platform(5) subTarget(0) extendedPlatform(0) -> platform(13) subTarget(537395200) extendedPlatform(0)
Shader 'Universal Render Pipeline/Particles/Lit': fallback shader 'Universal Render Pipeline/Particles/SimpleLit' not found
Shader 'Universal Render Pipeline/Particles/Lit': fallback shader 'Universal Render Pipeline/Particles/SimpleLit' not found
Refreshing native plugins compatible for Editor in 1.21 ms, found 0 plugins.
Preloading 0 native plugins for Editor in 0.00 ms.
Unloading 2524 Unused Serialized files (Serialized files now loaded: 0)
System memory in use before: 208.7 MB.
System memory in use after: 207.1 MB.

Unloading 35 unused Assets to reduce memory usage. Loaded Objects now: 3160.
Total: 6.636700 ms (FindLiveObjects: 0.724500 ms CreateObjectMapping: 0.277300 ms MarkObjects: 3.790800 ms  DeleteObjects: 1.841600 ms)

AssetImportParameters requested are different than current active one (requested -> active):
  custom:graphics/normal-map-encoding: 01000000000000000000000000000000 -> 02000000000000000000000000000000
========================================================================
Received Prepare
Registering precompiled user dll's ...
Registered in 0.001983 seconds.
Begin MonoManager ReloadAssembly
Native extension for WindowsStandalone target not found
Refreshing native plugins compatible for Editor in 1.01 ms, found 0 plugins.
Preloading 0 native plugins for Editor in 0.00 ms.
Invoked RoslynAnalysisRunner static constructor.
RoslynAnalysisRunner will not be running.
RoslynAnalysisRunner has terminated.
Mono: successfully reloaded assembly
- Completed reload, in  1.588 seconds
Platform modules already initialized, skipping
Switching build target platform(5) subTarget(0) extendedPlatform(0) -> platform(13) subTarget(537395200) extendedPlatform(0)
Shader 'Universal Render Pipeline/Particles/Lit': fallback shader 'Universal Render Pipeline/Particles/SimpleLit' not found
Shader 'Universal Render Pipeline/Particles/Lit': fallback shader 'Universal Render Pipeline/Particles/SimpleLit' not found
Refreshing native plugins compatible for Editor in 1.18 ms, found 0 plugins.
Preloading 0 native plugins for Editor in 0.00 ms.
Unloading 2524 Unused Serialized files (Serialized files now loaded: 0)
System memory in use before: 208.7 MB.
System memory in use after: 207.1 MB.

Unloading 35 unused Assets to reduce memory usage. Loaded Objects now: 3163.
Total: 4.879300 ms (FindLiveObjects: 0.625400 ms CreateObjectMapping: 0.296700 ms MarkObjects: 2.601500 ms  DeleteObjects: 1.352900 ms)

AssetImportParameters requested are different than current active one (requested -> active):
  custom:graphics/normal-map-encoding: 01000000000000000000000000000000 -> 02000000000000000000000000000000
========================================================================
Received Prepare
Registering precompiled user dll's ...
Registered in 0.002082 seconds.
Begin MonoManager ReloadAssembly
Native extension for WindowsStandalone target not found
Refreshing native plugins compatible for Editor in 1.02 ms, found 0 plugins.
Preloading 0 native plugins for Editor in 0.00 ms.
Invoked RoslynAnalysisRunner static constructor.
RoslynAnalysisRunner will not be running.
RoslynAnalysisRunner has terminated.
Mono: successfully reloaded assembly
- Completed reload, in  1.278 seconds
Platform modules already initialized, skipping
Switching build target platform(5) subTarget(0) extendedPlatform(0) -> platform(13) subTarget(537395200) extendedPlatform(0)
Shader 'Universal Render Pipeline/Particles/Lit': fallback shader 'Universal Render Pipeline/Particles/SimpleLit' not found
Shader 'Universal Render Pipeline/Particles/Lit': fallback shader 'Universal Render Pipeline/Particles/SimpleLit' not found
Refreshing native plugins compatible for Editor in 0.98 ms, found 0 plugins.
Preloading 0 native plugins for Editor in 0.00 ms.
Unloading 2524 Unused Serialized files (Serialized files now loaded: 0)
System memory in use before: 208.7 MB.
System memory in use after: 207.1 MB.

Unloading 35 unused Assets to reduce memory usage. Loaded Objects now: 3166.
Total: 5.686100 ms (FindLiveObjects: 0.371100 ms CreateObjectMapping: 0.158600 ms MarkObjects: 3.410500 ms  DeleteObjects: 1.743500 ms)

AssetImportParameters requested are different than current active one (requested -> active):
  custom:graphics/normal-map-encoding: 01000000000000000000000000000000 -> 02000000000000000000000000000000
========================================================================
Received Import Request.
  Time since last request: 835.381062 seconds.
  path: Assets/Materials/Line.mat
  artifactKey: Guid(449d236b3ae17264e8e9dcb433e2b45d) Importer(815301076,1909f56bfc062723c751e8b465ee728b)
Start importing Assets/Materials/Line.mat using Guid(449d236b3ae17264e8e9dcb433e2b45d) Importer(815301076,1909f56bfc062723c751e8b465ee728b)  -> (artifact id: '1630f2a57b9e94a08fbc21d86dd38c4c') in 0.272569 seconds
  Import took 0.296028 seconds .

========================================================================
Received Prepare
Registering precompiled user dll's ...
Registered in 0.002112 seconds.
Begin MonoManager ReloadAssembly
Native extension for WindowsStandalone target not found
Refreshing native plugins compatible for Editor in 0.64 ms, found 0 plugins.
Preloading 0 native plugins for Editor in 0.00 ms.
Invoked RoslynAnalysisRunner static constructor.
RoslynAnalysisRunner will not be running.
RoslynAnalysisRunner has terminated.
Mono: successfully reloaded assembly
- Completed reload, in  1.912 seconds
Platform modules already initialized, skipping
Switching build target platform(5) subTarget(0) extendedPlatform(0) -> platform(13) subTarget(537395200) extendedPlatform(0)
Shader 'Universal Render Pipeline/Particles/Lit': fallback shader 'Universal Render Pipeline/Particles/SimpleLit' not found
Shader 'Universal Render Pipeline/Particles/Lit': fallback shader 'Universal Render Pipeline/Particles/SimpleLit' not found
Refreshing native plugins compatible for Editor in 2.04 ms, found 0 plugins.
Preloading 0 native plugins for Editor in 0.00 ms.
Unloading 2524 Unused Serialized files (Serialized files now loaded: 0)
System memory in use before: 208.8 MB.
System memory in use after: 207.2 MB.

Unloading 35 unused Assets to reduce memory usage. Loaded Objects now: 3205.
Total: 9.603300 ms (FindLiveObjects: 1.356300 ms CreateObjectMapping: 0.344800 ms MarkObjects: 5.455800 ms  DeleteObjects: 2.435200 ms)

AssetImportParameters requested are different than current active one (requested -> active):
  custom:graphics/normal-map-encoding: 01000000000000000000000000000000 -> 02000000000000000000000000000000
========================================================================
Received Import Request.
  Time since last request: 44.112924 seconds.
  path: Assets/Animations/CharacterFBX@Belly Dance.fbx
  artifactKey: Guid(320504c56e1f5bd4ea6b6de04265b71b) Importer(815301076,1909f56bfc062723c751e8b465ee728b)
Start importing Assets/Animations/CharacterFBX@Belly Dance.fbx using Guid(320504c56e1f5bd4ea6b6de04265b71b) Importer(815301076,1909f56bfc062723c751e8b465ee728b)  -> (artifact id: 'c3888baedf9ce9c7f62dddc8c02a2a66') in 0.463801 seconds
  Import took 0.487940 seconds .

========================================================================
Received Import Request.
  Time since last request: 37.967351 seconds.
  path: Assets/Animations/CharacterFBX@Belly Dance.fbx
  artifactKey: Guid(320504c56e1f5bd4ea6b6de04265b71b) Importer(815301076,1909f56bfc062723c751e8b465ee728b)
Start importing Assets/Animations/CharacterFBX@Belly Dance.fbx using Guid(320504c56e1f5bd4ea6b6de04265b71b) Importer(815301076,1909f56bfc062723c751e8b465ee728b)  -> (artifact id: '8033ddc8fa4314ee6717872922b14f2b') in 0.065192 seconds
  Import took 0.095130 seconds .

========================================================================
Received Import Request.
  Time since last request: 0.000847 seconds.
  path: Assets/Animations/CharacterFBX@Belly Dance.fbx
  artifactKey: Guid(320504c56e1f5bd4ea6b6de04265b71b) Importer(815301076,1909f56bfc062723c751e8b465ee728b)
Start importing Assets/Animations/CharacterFBX@Belly Dance.fbx using Guid(320504c56e1f5bd4ea6b6de04265b71b) Importer(815301076,1909f56bfc062723c751e8b465ee728b)  -> (artifact id: '8033ddc8fa4314ee6717872922b14f2b') in 0.053426 seconds
  Import took 0.071805 seconds .

========================================================================
Received Import Request.
  Time since last request: 9.803415 seconds.
  path: Assets/Animations/CharacterFBX@Falling Idle.fbx
  artifactKey: Guid(23283f236e460e947928a774b54ef8ab) Importer(815301076,1909f56bfc062723c751e8b465ee728b)
Start importing Assets/Animations/CharacterFBX@Falling Idle.fbx using Guid(23283f236e460e947928a774b54ef8ab) Importer(815301076,1909f56bfc062723c751e8b465ee728b)  -> (artifact id: '529af3621b234872c1d1a8e801f2b7b0') in 0.055530 seconds
  Import took 0.095043 seconds .

========================================================================
Received Import Request.
  Time since last request: 7.000479 seconds.
  path: Assets/Animations/CharacterFBX@Idle.fbx
  artifactKey: Guid(31b1b6f2ae1a1654483e5bbacca80f65) Importer(815301076,1909f56bfc062723c751e8b465ee728b)
Start importing Assets/Animations/CharacterFBX@Idle.fbx using Guid(31b1b6f2ae1a1654483e5bbacca80f65) Importer(815301076,1909f56bfc062723c751e8b465ee728b)  -> (artifact id: '08ce3a808928f0ae90977b96b3c5be18') in 0.082519 seconds
  Import took 0.101704 seconds .

========================================================================
Received Import Request.
  Time since last request: 6.734407 seconds.
  path: Assets/Animations/CharacterFBX@Jumping 1.fbx
  artifactKey: Guid(24c2c43ea0849e34095fadbd1b1cde21) Importer(815301076,1909f56bfc062723c751e8b465ee728b)
Start importing Assets/Animations/CharacterFBX@Jumping 1.fbx using Guid(24c2c43ea0849e34095fadbd1b1cde21) Importer(815301076,1909f56bfc062723c751e8b465ee728b)  -> (artifact id: '77d9b9b96a47c580e93d0edfc371705a') in 0.056012 seconds
  Import took 0.077249 seconds .

========================================================================
Received Import Request.
  Time since last request: 5.185099 seconds.
  path: Assets/Animations/CharacterFBX@Running Forward Flip.fbx
  artifactKey: Guid(466497038d6ac8042a197616ad2657b3) Importer(815301076,1909f56bfc062723c751e8b465ee728b)
Start importing Assets/Animations/CharacterFBX@Running Forward Flip.fbx using Guid(466497038d6ac8042a197616ad2657b3) Importer(815301076,1909f56bfc062723c751e8b465ee728b)  -> (artifact id: '177e307a083b159b591c33873b0f2723') in 0.055815 seconds
  Import took 0.064520 seconds .

========================================================================
Received Prepare
Registering precompiled user dll's ...
Registered in 0.002866 seconds.
Begin MonoManager ReloadAssembly
Native extension for WindowsStandalone target not found
Refreshing native plugins compatible for Editor in 0.60 ms, found 0 plugins.
Preloading 0 native plugins for Editor in 0.00 ms.
Invoked RoslynAnalysisRunner static constructor.
RoslynAnalysisRunner will not be running.
RoslynAnalysisRunner has terminated.
Mono: successfully reloaded assembly
- Completed reload, in  1.209 seconds
Platform modules already initialized, skipping
Switching build target platform(5) subTarget(0) extendedPlatform(0) -> platform(13) subTarget(537395200) extendedPlatform(0)
Shader 'Universal Render Pipeline/Particles/Lit': fallback shader 'Universal Render Pipeline/Particles/SimpleLit' not found
Shader 'Universal Render Pipeline/Particles/Lit': fallback shader 'Universal Render Pipeline/Particles/SimpleLit' not found
Refreshing native plugins compatible for Editor in 1.35 ms, found 0 plugins.
Preloading 0 native plugins for Editor in 0.00 ms.
Unloading 2524 Unused Serialized files (Serialized files now loaded: 0)
System memory in use before: 208.9 MB.
System memory in use after: 207.4 MB.

Unloading 35 unused Assets to reduce memory usage. Loaded Objects now: 3244.
Total: 4.935600 ms (FindLiveObjects: 0.312400 ms CreateObjectMapping: 0.140300 ms MarkObjects: 3.188400 ms  DeleteObjects: 1.292800 ms)

AssetImportParameters requested are different than current active one (requested -> active):
  custom:graphics/normal-map-encoding: 01000000000000000000000000000000 -> 02000000000000000000000000000000
========================================================================
Received Prepare
Registering precompiled user dll's ...
Registered in 0.004678 seconds.
Begin MonoManager ReloadAssembly
Native extension for WindowsStandalone target not found
Refreshing native plugins compatible for Editor in 0.65 ms, found 0 plugins.
Preloading 0 native plugins for Editor in 0.00 ms.
Invoked RoslynAnalysisRunner static constructor.
RoslynAnalysisRunner will not be running.
RoslynAnalysisRunner has terminated.
Mono: successfully reloaded assembly
- Completed reload, in  1.287 seconds
Platform modules already initialized, skipping
Switching build target platform(5) subTarget(0) extendedPlatform(0) -> platform(13) subTarget(537395200) extendedPlatform(0)
Shader 'Universal Render Pipeline/Particles/Lit': fallback shader 'Universal Render Pipeline/Particles/SimpleLit' not found
Shader 'Universal Render Pipeline/Particles/Lit': fallback shader 'Universal Render Pipeline/Particles/SimpleLit' not found
Refreshing native plugins compatible for Editor in 0.99 ms, found 0 plugins.
Preloading 0 native plugins for Editor in 0.00 ms.
Unloading 2524 Unused Serialized files (Serialized files now loaded: 0)
System memory in use before: 209.0 MB.
System memory in use after: 207.4 MB.

Unloading 35 unused Assets to reduce memory usage. Loaded Objects now: 3247.
Total: 8.164900 ms (FindLiveObjects: 0.567600 ms CreateObjectMapping: 0.226600 ms MarkObjects: 5.466800 ms  DeleteObjects: 1.901600 ms)

AssetImportParameters requested are different than current active one (requested -> active):
  custom:graphics/normal-map-encoding: 01000000000000000000000000000000 -> 02000000000000000000000000000000
