Using pre-set license
Built from '2020.3/staging' branch; Version is '2020.3.3f1 (76626098c1c4) revision 7758432'; Using compiler version '192528614'; Build Type 'Release'
OS: 'Windows 10 Pro; OS build 19042.928; Version 2009; 64bit' Language: 'en' Physical Memory: 7634 MB
BatchMode: 1, IsHumanControllingUs: 0, StartBugReporterOnCrash: 0, Is64bit: 1, IsPro: 0

 COMMAND LINE ARGUMENTS:
E:\Softwares\Unity\2020.3.3f1\Editor\Unity.exe
-adb2
-batchMode
-noUpm
-name
AssetImportWorker3
-projectPath
E:/Unity Project files/JumpRace3D_prototype
-logFile
Logs/AssetImportWorker3.log
-srvPort
51486
Successfully changed project path to: E:/Unity Project files/JumpRace3D_prototype
E:/Unity Project files/JumpRace3D_prototype
Using Asset Import Pipeline V2.
Refreshing native plugins compatible for Editor in 69.06 ms, found 0 plugins.
Preloading 0 native plugins for Editor in 0.00 ms.
Initialize engine version: 2020.3.3f1 (76626098c1c4)
[Subsystems] Discovering subsystems at path E:/Softwares/Unity/2020.3.3f1/Editor/Data/Resources/UnitySubsystems
[Subsystems] Discovering subsystems at path E:/Unity Project files/JumpRace3D_prototype/Assets
GfxDevice: creating device client; threaded=0
Direct3D:
    Version:  Direct3D 11.0 [level 11.1]
    Renderer: Intel(R) HD Graphics 4400 (ID=0x41e)
    Vendor:   
    VRAM:     2048 MB
    Driver:   20.19.15.4531
Initialize mono
Mono path[0] = 'E:/Softwares/Unity/2020.3.3f1/Editor/Data/Managed'
Mono path[1] = 'E:/Softwares/Unity/2020.3.3f1/Editor/Data/MonoBleedingEdge/lib/mono/unityjit'
Mono config path = 'E:/Softwares/Unity/2020.3.3f1/Editor/Data/MonoBleedingEdge/etc'
Using monoOptions --debugger-agent=transport=dt_socket,embedding=1,server=y,suspend=n,address=127.0.0.1:56428
Begin MonoManager ReloadAssembly
Registering precompiled unity dll's ...
Register platform support module: E:/Softwares/Unity/2020.3.3f1/Editor/Data/PlaybackEngines/WindowsStandaloneSupport/UnityEditor.WindowsStandalone.Extensions.dll
Registered in 0.001146 seconds.
Native extension for WindowsStandalone target not found
Refreshing native plugins compatible for Editor in 57.81 ms, found 0 plugins.
Preloading 0 native plugins for Editor in 0.00 ms.
Invoked RoslynAnalysisRunner static constructor.
RoslynAnalysisRunner will not be running.
RoslynAnalysisRunner has terminated.
Mono: successfully reloaded assembly
- Completed reload, in  2.002 seconds
Platform modules already initialized, skipping
Registering precompiled user dll's ...
Registered in 0.002340 seconds.
Begin MonoManager ReloadAssembly
Native extension for WindowsStandalone target not found
Refreshing native plugins compatible for Editor in 60.73 ms, found 0 plugins.
Preloading 0 native plugins for Editor in 0.00 ms.
Invoked RoslynAnalysisRunner static constructor.
RoslynAnalysisRunner will not be running.
RoslynAnalysisRunner has terminated.
Mono: successfully reloaded assembly
- Completed reload, in  1.599 seconds
Platform modules already initialized, skipping
========================================================================
Worker process is ready to serve import requests
Shader 'Universal Render Pipeline/Particles/Lit': fallback shader 'Universal Render Pipeline/Particles/SimpleLit' not found
Shader 'Universal Render Pipeline/Particles/Lit': fallback shader 'Universal Render Pipeline/Particles/SimpleLit' not found
Launched and connected shader compiler UnityShaderCompiler.exe after 0.14 seconds
Refreshing native plugins compatible for Editor in 0.95 ms, found 0 plugins.
Preloading 0 native plugins for Editor in 0.00 ms.
Unloading 2600 Unused Serialized files (Serialized files now loaded: 0)
System memory in use before: 193.6 MB.
System memory in use after: 191.2 MB.

Unloading 46 unused Assets to reduce memory usage. Loaded Objects now: 3021.
Total: 4.548200 ms (FindLiveObjects: 0.380600 ms CreateObjectMapping: 0.148100 ms MarkObjects: 2.444700 ms  DeleteObjects: 1.572800 ms)

========================================================================
Received Import Request.
  path: Assets/Materials/Water.mat
  artifactKey: Guid(315609e3126e52f4e96cb272fd2a85d2) Importer(815301076,1909f56bfc062723c751e8b465ee728b)
Start importing Assets/Materials/Water.mat using Guid(315609e3126e52f4e96cb272fd2a85d2) Importer(815301076,1909f56bfc062723c751e8b465ee728b)  -> (artifact id: '07a3667137a5425b98be4775e4369775') in 1.428695 seconds
  Import took 1.459690 seconds .

========================================================================
Received Prepare
Registering precompiled user dll's ...
Registered in 0.002341 seconds.
Begin MonoManager ReloadAssembly
Native extension for WindowsStandalone target not found
Refreshing native plugins compatible for Editor in 1.11 ms, found 0 plugins.
Preloading 0 native plugins for Editor in 0.00 ms.
Invoked RoslynAnalysisRunner static constructor.
RoslynAnalysisRunner will not be running.
RoslynAnalysisRunner has terminated.
Mono: successfully reloaded assembly
- Completed reload, in  1.809 seconds
Platform modules already initialized, skipping
Switching build target platform(5) subTarget(0) extendedPlatform(0) -> platform(13) subTarget(537395200) extendedPlatform(0)
Shader 'Universal Render Pipeline/Particles/Lit': fallback shader 'Universal Render Pipeline/Particles/SimpleLit' not found
Shader 'Universal Render Pipeline/Particles/Lit': fallback shader 'Universal Render Pipeline/Particles/SimpleLit' not found
Refreshing native plugins compatible for Editor in 0.77 ms, found 0 plugins.
Preloading 0 native plugins for Editor in 0.00 ms.
Unloading 2511 Unused Serialized files (Serialized files now loaded: 0)
System memory in use before: 193.1 MB.
System memory in use after: 190.7 MB.

Unloading 41 unused Assets to reduce memory usage. Loaded Objects now: 3102.
Total: 6.334100 ms (FindLiveObjects: 0.533200 ms CreateObjectMapping: 0.195900 ms MarkObjects: 3.794000 ms  DeleteObjects: 1.808200 ms)

AssetImportParameters requested are different than current active one (requested -> active):
  custom:graphics/normal-map-encoding: 01000000000000000000000000000000 -> 02000000000000000000000000000000
========================================================================
Received Import Request.
  Time since last request: 1353.269837 seconds.
  path: Assets/URPToonShading-main
  artifactKey: Guid(9ba9a8cdb9953fe43ac29d65e5e69210) Importer(815301076,1909f56bfc062723c751e8b465ee728b)
Start importing Assets/URPToonShading-main using Guid(9ba9a8cdb9953fe43ac29d65e5e69210) Importer(815301076,1909f56bfc062723c751e8b465ee728b)  -> (artifact id: 'fa3699439541a0d08662ac71bace8cf3') in 0.046910 seconds
  Import took 0.080630 seconds .

========================================================================
Received Import Request.
  Time since last request: 1.389419 seconds.
  path: Assets/URPToonShading-main/ToonShading.unity
  artifactKey: Guid(4b53eb9ef2ff2c94c8ed78825de2f702) Importer(815301076,1909f56bfc062723c751e8b465ee728b)
Start importing Assets/URPToonShading-main/ToonShading.unity using Guid(4b53eb9ef2ff2c94c8ed78825de2f702) Importer(815301076,1909f56bfc062723c751e8b465ee728b)  -> (artifact id: '8b1143f05d1c3771ade1a3ee46a063ba') in 0.040661 seconds
  Import took 0.072281 seconds .

========================================================================
Received Import Request.
  Time since last request: 0.654738 seconds.
  path: Assets/URPToonShading-main/Materials
  artifactKey: Guid(75f33f7463e5d0e4a91fcee39919fbfe) Importer(815301076,1909f56bfc062723c751e8b465ee728b)
Start importing Assets/URPToonShading-main/Materials using Guid(75f33f7463e5d0e4a91fcee39919fbfe) Importer(815301076,1909f56bfc062723c751e8b465ee728b)  -> (artifact id: '0fd5ffb4cbfef13dae4a1f68c93832c1') in 0.052857 seconds
  Import took 0.077448 seconds .

========================================================================
Received Import Request.
  Time since last request: 0.000279 seconds.
  path: Assets/URPToonShading-main/Materials/Yellow.mat
  artifactKey: Guid(4cd3263b3203abf4597e57978db8e301) Importer(815301076,1909f56bfc062723c751e8b465ee728b)
Start importing Assets/URPToonShading-main/Materials/Yellow.mat using Guid(4cd3263b3203abf4597e57978db8e301) Importer(815301076,1909f56bfc062723c751e8b465ee728b)  -> (artifact id: 'f9030405dfae6f98e24aa38e139aa2f1') in 0.303541 seconds
  Import took 0.351910 seconds .

========================================================================
Received Import Request.
  Time since last request: 0.000264 seconds.
  path: Assets/URPToonShading-main/Materials/Red.mat
  artifactKey: Guid(b769a1717eb390e44b305500c384c09f) Importer(815301076,1909f56bfc062723c751e8b465ee728b)
Start importing Assets/URPToonShading-main/Materials/Red.mat using Guid(b769a1717eb390e44b305500c384c09f) Importer(815301076,1909f56bfc062723c751e8b465ee728b)  -> (artifact id: '17c12c04d1192e846aa436eb8b0638d9') in 0.055226 seconds
  Import took 0.107850 seconds .

========================================================================
Received Import Request.
  Time since last request: 0.000216 seconds.
  path: Assets/URPToonShading-main/Materials/Green.mat
  artifactKey: Guid(3bae88229abd41941945c8670c98f957) Importer(815301076,1909f56bfc062723c751e8b465ee728b)
Start importing Assets/URPToonShading-main/Materials/Green.mat using Guid(3bae88229abd41941945c8670c98f957) Importer(815301076,1909f56bfc062723c751e8b465ee728b)  -> (artifact id: 'fb4bd21b3d90b3578e993737cee7ba9f') in 0.058362 seconds
  Import took 0.091626 seconds .

========================================================================
Received Import Request.
  Time since last request: 0.000237 seconds.
  path: Assets/URPToonShading-main/Materials/ToonUnlit.mat
  artifactKey: Guid(4af334c547618bf49bd3d1f26373c3f6) Importer(815301076,1909f56bfc062723c751e8b465ee728b)
Start importing Assets/URPToonShading-main/Materials/ToonUnlit.mat using Guid(4af334c547618bf49bd3d1f26373c3f6) Importer(815301076,1909f56bfc062723c751e8b465ee728b)  -> (artifact id: '225d6f1a7319fa8384fd9b7ed8a8a924') in 1.024447 seconds
  Import took 1.078506 seconds .

========================================================================
Received Import Request.
  Time since last request: 0.000563 seconds.
  path: Assets/URPToonShading-main/Materials/Blue.mat
  artifactKey: Guid(3bf056112d2475f458757d25ce9ff7ff) Importer(815301076,1909f56bfc062723c751e8b465ee728b)
Start importing Assets/URPToonShading-main/Materials/Blue.mat using Guid(3bf056112d2475f458757d25ce9ff7ff) Importer(815301076,1909f56bfc062723c751e8b465ee728b)  -> (artifact id: '9c1bad7f03d2b086d1de07045607580a') in 0.046600 seconds
  Import took 0.095311 seconds .

========================================================================
Received Import Request.
  Time since last request: 2.471335 seconds.
  path: Assets/URPToonShading-main/Materials/ShaderGraphs
  artifactKey: Guid(c461e134a8d09f648b0b39d97da9b39c) Importer(815301076,1909f56bfc062723c751e8b465ee728b)
Start importing Assets/URPToonShading-main/Materials/ShaderGraphs using Guid(c461e134a8d09f648b0b39d97da9b39c) Importer(815301076,1909f56bfc062723c751e8b465ee728b)  -> (artifact id: '46193969cde2bcbc055e59d0c16c77bc') in 0.029382 seconds
  Import took 0.072861 seconds .

========================================================================
Received Import Request.
  Time since last request: 1.855437 seconds.
  path: Assets/URPToonShading-main/Materials/ShaderGraphs/ToonUnlit.shadergraph
  artifactKey: Guid(362b1c22aaaa4f8459da6c77cb5ce5fc) Importer(815301076,1909f56bfc062723c751e8b465ee728b)
Start importing Assets/URPToonShading-main/Materials/ShaderGraphs/ToonUnlit.shadergraph using Guid(362b1c22aaaa4f8459da6c77cb5ce5fc) Importer(815301076,1909f56bfc062723c751e8b465ee728b)  -> (artifact id: '2d6a5ea81ea5478a9f04767eebf0fd65') in 0.031720 seconds
  Import took 0.037888 seconds .

========================================================================
Received Import Request.
  Time since last request: 0.518443 seconds.
  path: Assets/URPToonShading-main/Materials/ShaderGraphs/ToonUnlit.shadergraph
  artifactKey: Guid(362b1c22aaaa4f8459da6c77cb5ce5fc) Importer(815301076,1909f56bfc062723c751e8b465ee728b)
Start importing Assets/URPToonShading-main/Materials/ShaderGraphs/ToonUnlit.shadergraph using Guid(362b1c22aaaa4f8459da6c77cb5ce5fc) Importer(815301076,1909f56bfc062723c751e8b465ee728b)  -> (artifact id: '2d6a5ea81ea5478a9f04767eebf0fd65') in 0.005853 seconds
  Import took 0.134629 seconds .

========================================================================
Received Import Request.
  Time since last request: 162.355908 seconds.
  path: Assets/TextMesh Pro/Sprites/EmojiOne.png
  artifactKey: Guid(dffef66376be4fa480fb02b19edbe903) Importer(815301076,1909f56bfc062723c751e8b465ee728b)
Start importing Assets/TextMesh Pro/Sprites/EmojiOne.png using Guid(dffef66376be4fa480fb02b19edbe903) Importer(815301076,1909f56bfc062723c751e8b465ee728b)  -> (artifact id: '032e49931d58f25650f2060b67150bbc') in 0.193550 seconds
  Import took 0.347301 seconds .

========================================================================
Received Prepare
Registering precompiled user dll's ...
Registered in 0.002207 seconds.
Begin MonoManager ReloadAssembly
Native extension for WindowsStandalone target not found
Refreshing native plugins compatible for Editor in 1.05 ms, found 0 plugins.
Preloading 0 native plugins for Editor in 0.00 ms.
Invoked RoslynAnalysisRunner static constructor.
RoslynAnalysisRunner will not be running.
RoslynAnalysisRunner has terminated.
Mono: successfully reloaded assembly
- Completed reload, in  4.858 seconds
Platform modules already initialized, skipping
Switching build target platform(5) subTarget(0) extendedPlatform(0) -> platform(13) subTarget(537395200) extendedPlatform(0)
Shader 'Universal Render Pipeline/Particles/Lit': fallback shader 'Universal Render Pipeline/Particles/SimpleLit' not found
Shader 'Universal Render Pipeline/Particles/Lit': fallback shader 'Universal Render Pipeline/Particles/SimpleLit' not found
Refreshing native plugins compatible for Editor in 0.68 ms, found 0 plugins.
Preloading 0 native plugins for Editor in 0.00 ms.
Unloading 2521 Unused Serialized files (Serialized files now loaded: 0)
System memory in use before: 193.9 MB.
System memory in use after: 191.6 MB.

Unloading 41 unused Assets to reduce memory usage. Loaded Objects now: 3153.
Total: 6.994900 ms (FindLiveObjects: 0.633500 ms CreateObjectMapping: 0.401500 ms MarkObjects: 3.464300 ms  DeleteObjects: 2.492300 ms)

AssetImportParameters requested are different than current active one (requested -> active):
  custom:graphics/normal-map-encoding: 01000000000000000000000000000000 -> 02000000000000000000000000000000
========================================================================
Received Import Request.
  Time since last request: 2829.257827 seconds.
  path: Assets/FlatKit
  artifactKey: Guid(c66fc401d1dbded4ab6381a23a610051) Importer(815301076,1909f56bfc062723c751e8b465ee728b)
Start importing Assets/FlatKit using Guid(c66fc401d1dbded4ab6381a23a610051) Importer(815301076,1909f56bfc062723c751e8b465ee728b)  -> (artifact id: '1052605878713d449e01ba900417c9ef') in 0.018387 seconds
  Import took 0.058645 seconds .

========================================================================
Received Import Request.
  Time since last request: 1.009925 seconds.
  path: Assets/FlatKit/[Render Pipeline] Universal (URP).unitypackage
  artifactKey: Guid(41e59f562b69648719f2424c438758f3) Importer(815301076,1909f56bfc062723c751e8b465ee728b)
Start importing Assets/FlatKit/[Render Pipeline] Universal (URP).unitypackage using Guid(41e59f562b69648719f2424c438758f3) Importer(815301076,1909f56bfc062723c751e8b465ee728b)  -> (artifact id: 'fb23f0f791152546a1c096049a1eab37') in 0.137146 seconds
  Import took 0.186808 seconds .

========================================================================
Received Import Request.
  Time since last request: 1293.890905 seconds.
  path: Assets/FlatKit/[Render Pipeline] Built-In.unitypackage
  artifactKey: Guid(f4227764308e84f89a765fbf315e2945) Importer(815301076,1909f56bfc062723c751e8b465ee728b)
Start importing Assets/FlatKit/[Render Pipeline] Built-In.unitypackage using Guid(f4227764308e84f89a765fbf315e2945) Importer(815301076,1909f56bfc062723c751e8b465ee728b)  -> (artifact id: '1ad7454163b1f883095b88642fe9b4f3') in 0.013680 seconds
  Import took 0.022149 seconds .

========================================================================
Received Import Request.
  Time since last request: 13.518228 seconds.
  path: Assets/FlatKit/Demos
  artifactKey: Guid(2f7255c0ccae841e1906849f00acfbea) Importer(815301076,1909f56bfc062723c751e8b465ee728b)
Start importing Assets/FlatKit/Demos using Guid(2f7255c0ccae841e1906849f00acfbea) Importer(815301076,1909f56bfc062723c751e8b465ee728b)  -> (artifact id: '15d68229952fe0d30b8bf622cde1eb16') in 0.012833 seconds
  Import took 0.019197 seconds .

========================================================================
Received Import Request.
  Time since last request: 1.520280 seconds.
  path: Assets/FlatKit/Demos/[Demo] Car
  artifactKey: Guid(5f453d6dbe62e4e95b74f45db9f2ddeb) Importer(815301076,1909f56bfc062723c751e8b465ee728b)
Start importing Assets/FlatKit/Demos/[Demo] Car using Guid(5f453d6dbe62e4e95b74f45db9f2ddeb) Importer(815301076,1909f56bfc062723c751e8b465ee728b)  -> (artifact id: 'cdaa84eee21d8d711ee5c6beb1046fcf') in 0.013438 seconds
  Import took 0.020020 seconds .

========================================================================
Received Import Request.
  Time since last request: 0.774191 seconds.
  path: Assets/FlatKit/Demos/[Demo] Fruit Vase
  artifactKey: Guid(5522e4284663543168607b81188a1ed3) Importer(815301076,1909f56bfc062723c751e8b465ee728b)
Start importing Assets/FlatKit/Demos/[Demo] Fruit Vase using Guid(5522e4284663543168607b81188a1ed3) Importer(815301076,1909f56bfc062723c751e8b465ee728b)  -> (artifact id: '97cabb99f55c833faea29fecf16dc0cd') in 0.016098 seconds
  Import took 0.021832 seconds .

========================================================================
Received Import Request.
  Time since last request: 0.943976 seconds.
  path: Assets/FlatKit/Demos/[Demo] IslandWithTrees
  artifactKey: Guid(bb1bf3e18ac7b438c9ebde45c53a21a2) Importer(815301076,1909f56bfc062723c751e8b465ee728b)
Start importing Assets/FlatKit/Demos/[Demo] IslandWithTrees using Guid(bb1bf3e18ac7b438c9ebde45c53a21a2) Importer(815301076,1909f56bfc062723c751e8b465ee728b)  -> (artifact id: 'b869c96bfc311eedf9eb435f57e4e1e9') in 0.024265 seconds
  Import took 0.061155 seconds .

========================================================================
Received Import Request.
  Time since last request: 1.602247 seconds.
  path: Assets/FlatKit/Demos/[Demo] NormalMapsTree
  artifactKey: Guid(8925f9553851e7c449f4ac78ec444667) Importer(815301076,1909f56bfc062723c751e8b465ee728b)
Start importing Assets/FlatKit/Demos/[Demo] NormalMapsTree using Guid(8925f9553851e7c449f4ac78ec444667) Importer(815301076,1909f56bfc062723c751e8b465ee728b)  -> (artifact id: '3f892fd0f9a72f865f6269044297c85d') in 0.013418 seconds
  Import took 0.019803 seconds .

========================================================================
Received Import Request.
  Time since last request: 1.085950 seconds.
  path: Assets/FlatKit/Demos/[Demo] Room
  artifactKey: Guid(75a07c98523d44308bbc246527d9bb3e) Importer(815301076,1909f56bfc062723c751e8b465ee728b)
Start importing Assets/FlatKit/Demos/[Demo] Room using Guid(75a07c98523d44308bbc246527d9bb3e) Importer(815301076,1909f56bfc062723c751e8b465ee728b)  -> (artifact id: 'e4b2d2e63c7e4783fb1216db93eeaad6') in 0.013289 seconds
  Import took 0.019698 seconds .

========================================================================
Received Import Request.
  Time since last request: 1.034658 seconds.
  path: Assets/FlatKit/Demos/[Demo] Wanderer
  artifactKey: Guid(079344cfee6d34c458bfc36d0b95c207) Importer(815301076,1909f56bfc062723c751e8b465ee728b)
Start importing Assets/FlatKit/Demos/[Demo] Wanderer using Guid(079344cfee6d34c458bfc36d0b95c207) Importer(815301076,1909f56bfc062723c751e8b465ee728b)  -> (artifact id: '412aa9ac84621646dafe55d76ea04d5a') in 0.013358 seconds
  Import took 0.020417 seconds .

========================================================================
Received Import Request.
  Time since last request: 0.667933 seconds.
  path: Assets/FlatKit/Demos/[Water] Ocean Islands
  artifactKey: Guid(5fe25043244cb41a687fe7ffefbfc20f) Importer(815301076,1909f56bfc062723c751e8b465ee728b)
Start importing Assets/FlatKit/Demos/[Water] Ocean Islands using Guid(5fe25043244cb41a687fe7ffefbfc20f) Importer(815301076,1909f56bfc062723c751e8b465ee728b)  -> (artifact id: '7045ab0bd46a0f5c186d4df554c4a9c9') in 0.014085 seconds
  Import took 0.020501 seconds .

========================================================================
Received Import Request.
  Time since last request: 0.889392 seconds.
  path: Assets/FlatKit/Demos/[Water] Pool
  artifactKey: Guid(9fb0b673545104ab888a69f866dc1847) Importer(815301076,1909f56bfc062723c751e8b465ee728b)
Start importing Assets/FlatKit/Demos/[Water] Pool using Guid(9fb0b673545104ab888a69f866dc1847) Importer(815301076,1909f56bfc062723c751e8b465ee728b)  -> (artifact id: '263bb547f2ede4da0c1694b2c920eace') in 0.023153 seconds
  Import took 0.029106 seconds .

========================================================================
Received Import Request.
  Time since last request: 1.598544 seconds.
  path: Assets/FlatKit/Demos/[Water] Various Presets
  artifactKey: Guid(25373a12883bf412ba744f6bb9161453) Importer(815301076,1909f56bfc062723c751e8b465ee728b)
Start importing Assets/FlatKit/Demos/[Water] Various Presets using Guid(25373a12883bf412ba744f6bb9161453) Importer(815301076,1909f56bfc062723c751e8b465ee728b)  -> (artifact id: 'bc6ef3aceb5f6054384211661839cf28') in 0.013556 seconds
  Import took 0.019624 seconds .

========================================================================
Received Import Request.
  Time since last request: 0.817258 seconds.
  path: Assets/FlatKit/Demos/Common
  artifactKey: Guid(00cd8d44f40e54a2f9a7cbf4ae64e2f2) Importer(815301076,1909f56bfc062723c751e8b465ee728b)
Start importing Assets/FlatKit/Demos/Common using Guid(00cd8d44f40e54a2f9a7cbf4ae64e2f2) Importer(815301076,1909f56bfc062723c751e8b465ee728b)  -> (artifact id: '80fe5e3752094451eb14c3210118f865') in 0.013166 seconds
  Import took 0.019285 seconds .

========================================================================
Received Import Request.
  Time since last request: 0.732196 seconds.
  path: Assets/FlatKit/Demos/URP Configs
  artifactKey: Guid(61f7a0a3a915e4c0996f2c32edf64837) Importer(815301076,1909f56bfc062723c751e8b465ee728b)
Start importing Assets/FlatKit/Demos/URP Configs using Guid(61f7a0a3a915e4c0996f2c32edf64837) Importer(815301076,1909f56bfc062723c751e8b465ee728b)  -> (artifact id: '5279e355161304d1b6df136c0289f083') in 0.013469 seconds
  Import took 0.019947 seconds .

========================================================================
Received Import Request.
  Time since last request: 3.907733 seconds.
  path: Assets/FlatKit/Demos/[Water] Ocean Islands/Ocean Islands Scene - Textures
  artifactKey: Guid(1b9bee2a1c0da463f866a0f7f2c25c23) Importer(815301076,1909f56bfc062723c751e8b465ee728b)
Start importing Assets/FlatKit/Demos/[Water] Ocean Islands/Ocean Islands Scene - Textures using Guid(1b9bee2a1c0da463f866a0f7f2c25c23) Importer(815301076,1909f56bfc062723c751e8b465ee728b)  -> (artifact id: 'bce6189a757f8d2490679278fb74ccdd') in 0.015195 seconds
  Import took 0.022839 seconds .

========================================================================
Received Import Request.
  Time since last request: 0.122086 seconds.
  path: Assets/FlatKit/Demos/[Water] Ocean Islands/Ocean Islands Scene - Textures/WaterfallBottomScrollingTexture.png
  artifactKey: Guid(b1912b11482904b3292302abdc0d14cd) Importer(815301076,1909f56bfc062723c751e8b465ee728b)
Start importing Assets/FlatKit/Demos/[Water] Ocean Islands/Ocean Islands Scene - Textures/WaterfallBottomScrollingTexture.png using Guid(b1912b11482904b3292302abdc0d14cd) Importer(815301076,1909f56bfc062723c751e8b465ee728b)  -> (artifact id: 'a3b23f5a632261b8c9b09108fd37a7b7') in 0.489867 seconds
  Import took 0.496722 seconds .

========================================================================
Received Import Request.
  Time since last request: 1.424501 seconds.
  path: Assets/FlatKit/Demos/[Water] Ocean Islands/Ocean Islands Scene - Models
  artifactKey: Guid(5fe7caef4d58e49279bf80767568dca1) Importer(815301076,1909f56bfc062723c751e8b465ee728b)
Start importing Assets/FlatKit/Demos/[Water] Ocean Islands/Ocean Islands Scene - Models using Guid(5fe7caef4d58e49279bf80767568dca1) Importer(815301076,1909f56bfc062723c751e8b465ee728b)  -> (artifact id: 'bc80e9ea4bf7b09a72eaba01617190f2') in 0.012514 seconds
  Import took 0.019689 seconds .

========================================================================
Received Import Request.
  Time since last request: 0.076747 seconds.
  path: Assets/FlatKit/Demos/[Water] Ocean Islands/Ocean Islands Scene - Models/Buoy.fbx
  artifactKey: Guid(22a483aea4c1c4f6c96ccbb826363a30) Importer(815301076,1909f56bfc062723c751e8b465ee728b)
Start importing Assets/FlatKit/Demos/[Water] Ocean Islands/Ocean Islands Scene - Models/Buoy.fbx using Guid(22a483aea4c1c4f6c96ccbb826363a30) Importer(815301076,1909f56bfc062723c751e8b465ee728b)  -> (artifact id: '65856f2f0a28933db4b54f8207551d32') in 2.410366 seconds
  Import took 2.419261 seconds .

========================================================================
Received Import Request.
  Time since last request: 0.000244 seconds.
  path: Assets/FlatKit/Demos/[Water] Ocean Islands/Ocean Islands Scene - Models/Water_Plane_01.fbx
  artifactKey: Guid(776e5ebee7bd44b80b834fa98ac15f3a) Importer(815301076,1909f56bfc062723c751e8b465ee728b)
Start importing Assets/FlatKit/Demos/[Water] Ocean Islands/Ocean Islands Scene - Models/Water_Plane_01.fbx using Guid(776e5ebee7bd44b80b834fa98ac15f3a) Importer(815301076,1909f56bfc062723c751e8b465ee728b)  -> (artifact id: '6d60c4821e5f9f5c56f846dae1d72798') in 0.077532 seconds
  Import took 0.085052 seconds .

========================================================================
Received Import Request.
  Time since last request: 0.000227 seconds.
  path: Assets/FlatKit/Demos/[Water] Ocean Islands/Ocean Islands Scene - Models/Tree_01.fbx
  artifactKey: Guid(028e01397e2c24e2d94b2da5d034a7d4) Importer(815301076,1909f56bfc062723c751e8b465ee728b)
Start importing Assets/FlatKit/Demos/[Water] Ocean Islands/Ocean Islands Scene - Models/Tree_01.fbx using Guid(028e01397e2c24e2d94b2da5d034a7d4) Importer(815301076,1909f56bfc062723c751e8b465ee728b)  -> (artifact id: '6e0bde45cb6ead0ce46b4313e3894485') in 0.146805 seconds
  Import took 0.152732 seconds .

========================================================================
Received Import Request.
  Time since last request: 0.000222 seconds.
  path: Assets/FlatKit/Demos/[Water] Ocean Islands/Ocean Islands Scene - Materials/WaterScene_WaterfallBottom.mat
  artifactKey: Guid(129d345ff2fda45ba9aed43091152df9) Importer(815301076,1909f56bfc062723c751e8b465ee728b)
Start importing Assets/FlatKit/Demos/[Water] Ocean Islands/Ocean Islands Scene - Materials/WaterScene_WaterfallBottom.mat using Guid(129d345ff2fda45ba9aed43091152df9) Importer(815301076,1909f56bfc062723c751e8b465ee728b)  -> (artifact id: '00a83e809b3f4bc48a2ec9080ae819c9') in 1.156601 seconds
  Import took 1.165895 seconds .

========================================================================
Received Import Request.
  Time since last request: 0.000223 seconds.
  path: Assets/FlatKit/Demos/[Water] Ocean Islands/Ocean Islands Scene - Materials/WaterScene_Hut 2.mat
  artifactKey: Guid(75d610777f9fa4e5fac44fce3c5ba632) Importer(815301076,1909f56bfc062723c751e8b465ee728b)
Start importing Assets/FlatKit/Demos/[Water] Ocean Islands/Ocean Islands Scene - Materials/WaterScene_Hut 2.mat using Guid(75d610777f9fa4e5fac44fce3c5ba632) Importer(815301076,1909f56bfc062723c751e8b465ee728b)  -> (artifact id: '79acacc0f177ee625366e7e484224d11') in 0.950868 seconds
  Import took 0.960180 seconds .

========================================================================
Received Import Request.
  Time since last request: 0.000299 seconds.
  path: Assets/FlatKit/Demos/[Water] Ocean Islands/Ocean Islands Scene - Materials/WaterScene_Skybox.mat
  artifactKey: Guid(277da098804474be3b4ef15bb19067c2) Importer(815301076,1909f56bfc062723c751e8b465ee728b)
Start importing Assets/FlatKit/Demos/[Water] Ocean Islands/Ocean Islands Scene - Materials/WaterScene_Skybox.mat using Guid(277da098804474be3b4ef15bb19067c2) Importer(815301076,1909f56bfc062723c751e8b465ee728b)  -> (artifact id: '4fb5a0d0ad26d449f1d56c8ab4c5bf2f') in 0.126257 seconds
  Import took 0.136022 seconds .

========================================================================
Received Import Request.
  Time since last request: 0.000287 seconds.
  path: Assets/FlatKit/Demos/[Water] Ocean Islands/Ocean Islands Scene - Materials/WaterScene_Hut 1.mat
  artifactKey: Guid(ce211bfc411434c58aab04f18723ffbe) Importer(815301076,1909f56bfc062723c751e8b465ee728b)
Start importing Assets/FlatKit/Demos/[Water] Ocean Islands/Ocean Islands Scene - Materials/WaterScene_Hut 1.mat using Guid(ce211bfc411434c58aab04f18723ffbe) Importer(815301076,1909f56bfc062723c751e8b465ee728b)  -> (artifact id: 'e20185f040a4d3a9d91821750312f6ea') in 0.028283 seconds
  Import took 0.038032 seconds .

========================================================================
Received Import Request.
  Time since last request: 0.000795 seconds.
  path: Assets/FlatKit/Demos/[Water] Ocean Islands/Ocean Islands Scene - Materials/WaterScene_Tree 1.mat
  artifactKey: Guid(141a460ae361449f6986a3635397be5f) Importer(815301076,1909f56bfc062723c751e8b465ee728b)
Start importing Assets/FlatKit/Demos/[Water] Ocean Islands/Ocean Islands Scene - Materials/WaterScene_Tree 1.mat using Guid(141a460ae361449f6986a3635397be5f) Importer(815301076,1909f56bfc062723c751e8b465ee728b)  -> (artifact id: 'e1d0d99d6b9ea1fbc746c81d57280125') in 0.951719 seconds
  Import took 0.965040 seconds .

========================================================================
Received Import Request.
  Time since last request: 0.000401 seconds.
  path: Assets/FlatKit/Demos/[Water] Ocean Islands/Ocean Islands Scene - Materials/WaterScene_Island_Rim 1.mat
  artifactKey: Guid(2be7e9940e7054090bc0bc6219389f27) Importer(815301076,1909f56bfc062723c751e8b465ee728b)
Start importing Assets/FlatKit/Demos/[Water] Ocean Islands/Ocean Islands Scene - Materials/WaterScene_Island_Rim 1.mat using Guid(2be7e9940e7054090bc0bc6219389f27) Importer(815301076,1909f56bfc062723c751e8b465ee728b)  -> (artifact id: '8380d7de14f353a902e5743a2223036f') in 0.591733 seconds
  Import took 0.645274 seconds .

========================================================================
Received Import Request.
  Time since last request: 0.000255 seconds.
  path: Assets/FlatKit/Demos/[Water] Ocean Islands/Ocean Islands Scene - Models/Island_block.fbx
  artifactKey: Guid(9cd8516a789b94ae1801c2afb59bb47e) Importer(815301076,1909f56bfc062723c751e8b465ee728b)
Start importing Assets/FlatKit/Demos/[Water] Ocean Islands/Ocean Islands Scene - Models/Island_block.fbx using Guid(9cd8516a789b94ae1801c2afb59bb47e) Importer(815301076,1909f56bfc062723c751e8b465ee728b)  -> (artifact id: '1df6b3892c45aa2cca116e9c6c0b8b8e') in 0.112168 seconds
  Import took 0.117693 seconds .

========================================================================
Received Import Request.
  Time since last request: 0.000255 seconds.
  path: Assets/FlatKit/Demos/[Water] Ocean Islands/Ocean Islands Scene - Models/Plane_100Edges_Straight.fbx
  artifactKey: Guid(98aa7127015854f59b6abbcb9c4918e9) Importer(815301076,1909f56bfc062723c751e8b465ee728b)
Start importing Assets/FlatKit/Demos/[Water] Ocean Islands/Ocean Islands Scene - Models/Plane_100Edges_Straight.fbx using Guid(98aa7127015854f59b6abbcb9c4918e9) Importer(815301076,1909f56bfc062723c751e8b465ee728b)  -> (artifact id: '33170dcb5eaf3f4fd1f9364be91cc697') in 0.041026 seconds
  Import took 0.049559 seconds .

========================================================================
Received Import Request.
  Time since last request: 0.000395 seconds.
  path: Assets/FlatKit/Demos/[Water] Ocean Islands/Ocean Islands Scene - Materials/WaterScene_Tree 2.mat
  artifactKey: Guid(1fd6131f05dd44a719e9a126eb934a5b) Importer(815301076,1909f56bfc062723c751e8b465ee728b)
Start importing Assets/FlatKit/Demos/[Water] Ocean Islands/Ocean Islands Scene - Materials/WaterScene_Tree 2.mat using Guid(1fd6131f05dd44a719e9a126eb934a5b) Importer(815301076,1909f56bfc062723c751e8b465ee728b)  -> (artifact id: '235d8a24b62c0dd432312fabbb2906d7') in 0.043145 seconds
  Import took 0.053542 seconds .

========================================================================
Received Import Request.
  Time since last request: 0.000410 seconds.
  path: Assets/FlatKit/Demos/[Water] Ocean Islands/Ocean Islands Scene - Models/Plane_25Edges_Straight.fbx
  artifactKey: Guid(b8c662c45d5b0461e875dc61ed27a748) Importer(815301076,1909f56bfc062723c751e8b465ee728b)
Start importing Assets/FlatKit/Demos/[Water] Ocean Islands/Ocean Islands Scene - Models/Plane_25Edges_Straight.fbx using Guid(b8c662c45d5b0461e875dc61ed27a748) Importer(815301076,1909f56bfc062723c751e8b465ee728b)  -> (artifact id: 'b5de6747c5a66611bfb4498800b7cf27') in 0.041873 seconds
  Import took 0.050248 seconds .

========================================================================
Received Import Request.
  Time since last request: 0.000399 seconds.
  path: Assets/FlatKit/Demos/[Water] Ocean Islands/Ocean Islands Scene - Models/Plane_25Edges_Displaced_1.fbx
  artifactKey: Guid(ec86a959536374cfca131c9127c44e1f) Importer(815301076,1909f56bfc062723c751e8b465ee728b)
Start importing Assets/FlatKit/Demos/[Water] Ocean Islands/Ocean Islands Scene - Models/Plane_25Edges_Displaced_1.fbx using Guid(ec86a959536374cfca131c9127c44e1f) Importer(815301076,1909f56bfc062723c751e8b465ee728b)  -> (artifact id: 'eaab1f5218a192fd1d4be92ac409e3a0') in 0.049353 seconds
  Import took 0.058610 seconds .

========================================================================
Received Import Request.
  Time since last request: 0.000354 seconds.
  path: Assets/FlatKit/Demos/[Water] Ocean Islands/Ocean Islands Scene - Materials/WaterScene_Island_Purplish.mat
  artifactKey: Guid(362639e5e3b0949c8b2c1eb7f0b44976) Importer(815301076,1909f56bfc062723c751e8b465ee728b)
Start importing Assets/FlatKit/Demos/[Water] Ocean Islands/Ocean Islands Scene - Materials/WaterScene_Island_Purplish.mat using Guid(362639e5e3b0949c8b2c1eb7f0b44976) Importer(815301076,1909f56bfc062723c751e8b465ee728b)  -> (artifact id: '2b44b53995116111dda2cafc27da1915') in 0.625829 seconds
  Import took 0.677730 seconds .

========================================================================
Received Import Request.
  Time since last request: 0.000517 seconds.
  path: Assets/FlatKit/Demos/[Water] Ocean Islands/Ocean Islands Scene - Models/Rock_03.fbx
  artifactKey: Guid(82e94a9f051884efc8c7d654e18a4060) Importer(815301076,1909f56bfc062723c751e8b465ee728b)
Start importing Assets/FlatKit/Demos/[Water] Ocean Islands/Ocean Islands Scene - Models/Rock_03.fbx using Guid(82e94a9f051884efc8c7d654e18a4060) Importer(815301076,1909f56bfc062723c751e8b465ee728b)  -> (artifact id: '7fa2e30bb276e40f3cbe81e676b6e4bf') in 0.035573 seconds
  Import took 0.045942 seconds .

========================================================================
Received Import Request.
  Time since last request: 0.000294 seconds.
  path: Assets/FlatKit/Demos/[Water] Ocean Islands/Ocean Islands Scene - Models/Rock_04_high.fbx
  artifactKey: Guid(52a3086d75c934655b4df1c0e14d4cdc) Importer(815301076,1909f56bfc062723c751e8b465ee728b)
Start importing Assets/FlatKit/Demos/[Water] Ocean Islands/Ocean Islands Scene - Models/Rock_04_high.fbx using Guid(52a3086d75c934655b4df1c0e14d4cdc) Importer(815301076,1909f56bfc062723c751e8b465ee728b)  -> (artifact id: 'ab446dc20a3c9112a067c8785066bf9e') in 0.035502 seconds
  Import took 0.081192 seconds .

========================================================================
Received Import Request.
  Time since last request: 0.000306 seconds.
  path: Assets/FlatKit/Demos/[Water] Ocean Islands/Ocean Islands Scene - Models/Waterfall.fbx
  artifactKey: Guid(a62042bca34634a3fb05d65b58e4151c) Importer(815301076,1909f56bfc062723c751e8b465ee728b)
Start importing Assets/FlatKit/Demos/[Water] Ocean Islands/Ocean Islands Scene - Models/Waterfall.fbx using Guid(a62042bca34634a3fb05d65b58e4151c) Importer(815301076,1909f56bfc062723c751e8b465ee728b)  -> (artifact id: 'b5113d7f25f017c79145edb92456a01c') in 0.027872 seconds
  Import took 0.033408 seconds .

========================================================================
Received Import Request.
  Time since last request: 0.000239 seconds.
  path: Assets/FlatKit/Demos/[Water] Ocean Islands/Ocean Islands Scene - Materials/Ocean.mat
  artifactKey: Guid(5f8c68488f6044252a99ccde0080fb57) Importer(815301076,1909f56bfc062723c751e8b465ee728b)
Start importing Assets/FlatKit/Demos/[Water] Ocean Islands/Ocean Islands Scene - Materials/Ocean.mat using Guid(5f8c68488f6044252a99ccde0080fb57) Importer(815301076,1909f56bfc062723c751e8b465ee728b)  -> (artifact id: 'c1746cc0c4a6ad1a2f3e4fcc492e8ab3') in 0.368208 seconds
  Import took 0.374140 seconds .

========================================================================
Received Import Request.
  Time since last request: 0.000258 seconds.
  path: Assets/FlatKit/Demos/[Water] Ocean Islands/Ocean Islands Scene - Materials/WaterScene_Bottom.mat
  artifactKey: Guid(09befda3efe9c4c55b629352e6b4a980) Importer(815301076,1909f56bfc062723c751e8b465ee728b)
Start importing Assets/FlatKit/Demos/[Water] Ocean Islands/Ocean Islands Scene - Materials/WaterScene_Bottom.mat using Guid(09befda3efe9c4c55b629352e6b4a980) Importer(815301076,1909f56bfc062723c751e8b465ee728b)  -> (artifact id: '2fcb5124385c1f5565c41768f038987e') in 0.557184 seconds
  Import took 0.562258 seconds .

========================================================================
Received Import Request.
  Time since last request: 0.000256 seconds.
  path: Assets/FlatKit/Demos/[Water] Ocean Islands/Ocean Islands Scene - Models/Rock_01.fbx
  artifactKey: Guid(767be7e164a474589bc3dbbc78469c47) Importer(815301076,1909f56bfc062723c751e8b465ee728b)
Start importing Assets/FlatKit/Demos/[Water] Ocean Islands/Ocean Islands Scene - Models/Rock_01.fbx using Guid(767be7e164a474589bc3dbbc78469c47) Importer(815301076,1909f56bfc062723c751e8b465ee728b)  -> (artifact id: 'b88948587c3414338defa1dbe47acb1a') in 0.056573 seconds
  Import took 0.071909 seconds .

========================================================================
Received Import Request.
  Time since last request: 0.000258 seconds.
  path: Assets/FlatKit/Demos/[Water] Ocean Islands/Ocean Islands Scene - Materials/WaterScene_Island_Greenish.mat
  artifactKey: Guid(154d1055a35044e31b916408a0b553aa) Importer(815301076,1909f56bfc062723c751e8b465ee728b)
Start importing Assets/FlatKit/Demos/[Water] Ocean Islands/Ocean Islands Scene - Materials/WaterScene_Island_Greenish.mat using Guid(154d1055a35044e31b916408a0b553aa) Importer(815301076,1909f56bfc062723c751e8b465ee728b)  -> (artifact id: '5cd668ff8aeb01e10a155e381a917790') in 0.027954 seconds
  Import took 0.039092 seconds .

========================================================================
Received Import Request.
  Time since last request: 0.000334 seconds.
  path: Assets/FlatKit/Demos/[Water] Ocean Islands/Ocean Islands Scene - Materials/WaterScene_Tree 4.mat
  artifactKey: Guid(bc640489ff7464d39b6e247680407791) Importer(815301076,1909f56bfc062723c751e8b465ee728b)
Start importing Assets/FlatKit/Demos/[Water] Ocean Islands/Ocean Islands Scene - Materials/WaterScene_Tree 4.mat using Guid(bc640489ff7464d39b6e247680407791) Importer(815301076,1909f56bfc062723c751e8b465ee728b)  -> (artifact id: '84b187d7516ce68a05c3bf309e882f96') in 0.037975 seconds
  Import took 0.046803 seconds .

========================================================================
Received Import Request.
  Time since last request: 0.000264 seconds.
  path: Assets/FlatKit/Demos/[Water] Ocean Islands/Ocean Islands Scene - Models/Hut_01.fbx
  artifactKey: Guid(9837eb362fb7a42a4aa15bfda454373f) Importer(815301076,1909f56bfc062723c751e8b465ee728b)
Start importing Assets/FlatKit/Demos/[Water] Ocean Islands/Ocean Islands Scene - Models/Hut_01.fbx using Guid(9837eb362fb7a42a4aa15bfda454373f) Importer(815301076,1909f56bfc062723c751e8b465ee728b)  -> (artifact id: '65c5552fb50ded557e4b1a6f7dd2f928') in 0.089094 seconds
  Import took 0.095799 seconds .

========================================================================
Received Import Request.
  Time since last request: 0.000521 seconds.
  path: Assets/FlatKit/Demos/[Water] Ocean Islands/Ocean Islands Scene - Materials/OceanScene-Water-Preset 2.mat
  artifactKey: Guid(488b6686c84654d9490fa5f2c9d1d14c) Importer(815301076,1909f56bfc062723c751e8b465ee728b)
Start importing Assets/FlatKit/Demos/[Water] Ocean Islands/Ocean Islands Scene - Materials/OceanScene-Water-Preset 2.mat using Guid(488b6686c84654d9490fa5f2c9d1d14c) Importer(815301076,1909f56bfc062723c751e8b465ee728b)  -> (artifact id: '26cfcc64cf9d6030ed1e22a75e13288d') in 0.689606 seconds
  Import took 0.701321 seconds .

========================================================================
Received Import Request.
  Time since last request: 0.000394 seconds.
  path: Assets/FlatKit/Demos/[Water] Ocean Islands/Ocean Islands Scene - Materials/OceanScene-Water-Preset 1.mat
  artifactKey: Guid(1bba45b26d66044d98f884189784b0a9) Importer(815301076,1909f56bfc062723c751e8b465ee728b)
Start importing Assets/FlatKit/Demos/[Water] Ocean Islands/Ocean Islands Scene - Materials/OceanScene-Water-Preset 1.mat using Guid(1bba45b26d66044d98f884189784b0a9) Importer(815301076,1909f56bfc062723c751e8b465ee728b)  -> (artifact id: '52fd6bf3db6bff3ab573f8e19e179692') in 0.679319 seconds
  Import took 0.688139 seconds .

========================================================================
Received Import Request.
  Time since last request: 0.000262 seconds.
  path: Assets/FlatKit/Demos/[Water] Ocean Islands/Ocean Islands Scene - Models/Rock_02.fbx
  artifactKey: Guid(1eb46d926827748f794f96ce54fdb5a4) Importer(815301076,1909f56bfc062723c751e8b465ee728b)
Start importing Assets/FlatKit/Demos/[Water] Ocean Islands/Ocean Islands Scene - Models/Rock_02.fbx using Guid(1eb46d926827748f794f96ce54fdb5a4) Importer(815301076,1909f56bfc062723c751e8b465ee728b)  -> (artifact id: '6577f91023cfd74de4ec0c9e55b53e36') in 0.026943 seconds
  Import took 0.032241 seconds .

========================================================================
Received Import Request.
  Time since last request: 0.000249 seconds.
  path: Assets/FlatKit/Demos/[Water] Ocean Islands/Ocean Islands Scene - Materials/Waterfall.mat
  artifactKey: Guid(684f8afe0f178489886b874a3acf2c81) Importer(815301076,1909f56bfc062723c751e8b465ee728b)
Start importing Assets/FlatKit/Demos/[Water] Ocean Islands/Ocean Islands Scene - Materials/Waterfall.mat using Guid(684f8afe0f178489886b874a3acf2c81) Importer(815301076,1909f56bfc062723c751e8b465ee728b)  -> (artifact id: '15539465f2385ca7ced32f3f274d9e05') in 0.610282 seconds
  Import took 0.615201 seconds .

========================================================================
Received Import Request.
  Time since last request: 0.000216 seconds.
  path: Assets/FlatKit/Demos/[Water] Ocean Islands/Ocean Islands Scene - Materials
  artifactKey: Guid(1ac1777dc574d44a690415d1a9b9802e) Importer(815301076,1909f56bfc062723c751e8b465ee728b)
Start importing Assets/FlatKit/Demos/[Water] Ocean Islands/Ocean Islands Scene - Materials using Guid(1ac1777dc574d44a690415d1a9b9802e) Importer(815301076,1909f56bfc062723c751e8b465ee728b)  -> (artifact id: '9679329df2880cfa88824416db9a6326') in 0.010262 seconds
  Import took 0.053828 seconds .

========================================================================
Received Import Request.
  Time since last request: 0.000275 seconds.
  path: Assets/FlatKit/Demos/[Water] Ocean Islands/Ocean Islands Scene - Models/Plane_25Edges_Displaced_2.fbx
  artifactKey: Guid(2c8686c791ced4775a6cc998861a3317) Importer(815301076,1909f56bfc062723c751e8b465ee728b)
Start importing Assets/FlatKit/Demos/[Water] Ocean Islands/Ocean Islands Scene - Models/Plane_25Edges_Displaced_2.fbx using Guid(2c8686c791ced4775a6cc998861a3317) Importer(815301076,1909f56bfc062723c751e8b465ee728b)  -> (artifact id: '523a7a86d663240ddadbf168726ffda1') in 0.058056 seconds
  Import took 0.066404 seconds .

========================================================================
Received Import Request.
  Time since last request: 0.000488 seconds.
  path: Assets/FlatKit/Demos/[Water] Ocean Islands/Ocean Islands Scene - Models/Plane_25Edges_Displaced_Bottom.fbx
  artifactKey: Guid(74de18eb1ee2d4b9581e0fcfdaa48e91) Importer(815301076,1909f56bfc062723c751e8b465ee728b)
Start importing Assets/FlatKit/Demos/[Water] Ocean Islands/Ocean Islands Scene - Models/Plane_25Edges_Displaced_Bottom.fbx using Guid(74de18eb1ee2d4b9581e0fcfdaa48e91) Importer(815301076,1909f56bfc062723c751e8b465ee728b)  -> (artifact id: '31d838cfd1d71e335c856249a020653e') in 0.058288 seconds
  Import took 0.066720 seconds .

========================================================================
Received Import Request.
  Time since last request: 0.000429 seconds.
  path: Assets/FlatKit/Demos/[Water] Ocean Islands/Ocean Islands Scene - Materials/WaterScene_Island_Snowy.mat
  artifactKey: Guid(4fb921ba6e8db431a85143b5f0cfcd8a) Importer(815301076,1909f56bfc062723c751e8b465ee728b)
Start importing Assets/FlatKit/Demos/[Water] Ocean Islands/Ocean Islands Scene - Materials/WaterScene_Island_Snowy.mat using Guid(4fb921ba6e8db431a85143b5f0cfcd8a) Importer(815301076,1909f56bfc062723c751e8b465ee728b)  -> (artifact id: '5bcd276b4a438cb6fa3a99900efb3ea7') in 0.575653 seconds
  Import took 0.584785 seconds .

========================================================================
Received Import Request.
  Time since last request: 0.000244 seconds.
  path: Assets/FlatKit/Demos/[Water] Ocean Islands/Ocean Islands Scene - Materials/WaterScene_Tree 3.mat
  artifactKey: Guid(6089faa20635c49ab9bff6e2aed5ade7) Importer(815301076,1909f56bfc062723c751e8b465ee728b)
Start importing Assets/FlatKit/Demos/[Water] Ocean Islands/Ocean Islands Scene - Materials/WaterScene_Tree 3.mat using Guid(6089faa20635c49ab9bff6e2aed5ade7) Importer(815301076,1909f56bfc062723c751e8b465ee728b)  -> (artifact id: 'c28366a596f716f9e2cedf3dfe891146') in 0.145925 seconds
  Import took 0.179635 seconds .

========================================================================
Received Import Request.
  Time since last request: 0.000188 seconds.
  path: Assets/FlatKit/Demos/[Water] Ocean Islands/Ocean Islands Scene - Models/Waterfall_bottom.fbx
  artifactKey: Guid(1d1c5a94bdfb44809b71db711072fc85) Importer(815301076,1909f56bfc062723c751e8b465ee728b)
Start importing Assets/FlatKit/Demos/[Water] Ocean Islands/Ocean Islands Scene - Models/Waterfall_bottom.fbx using Guid(1d1c5a94bdfb44809b71db711072fc85) Importer(815301076,1909f56bfc062723c751e8b465ee728b)  -> (artifact id: '86a8add2769a6de7772c41cafc3b2339') in 0.072710 seconds
  Import took 0.093702 seconds .

========================================================================
Received Import Request.
  Time since last request: 0.000293 seconds.
  path: Assets/FlatKit/Demos/[Water] Ocean Islands/Ocean Islands Scene - Models/Rock_05_large.fbx
  artifactKey: Guid(dfc7aef5fb10e4c93828498c7b51e748) Importer(815301076,1909f56bfc062723c751e8b465ee728b)
Start importing Assets/FlatKit/Demos/[Water] Ocean Islands/Ocean Islands Scene - Models/Rock_05_large.fbx using Guid(dfc7aef5fb10e4c93828498c7b51e748) Importer(815301076,1909f56bfc062723c751e8b465ee728b)  -> (artifact id: 'd8af0cf8935e4856a208d5b1200c9556') in 0.064406 seconds
  Import took 0.087190 seconds .

========================================================================
Received Import Request.
  Time since last request: 81.552689 seconds.
  path: Assets/FlatKit/Demos/[Demo] Car/Car - Scene - Set1.unity
  artifactKey: Guid(312064dbeb83a41b7a5277dc9f4ada35) Importer(815301076,1909f56bfc062723c751e8b465ee728b)
Start importing Assets/FlatKit/Demos/[Demo] Car/Car - Scene - Set1.unity using Guid(312064dbeb83a41b7a5277dc9f4ada35) Importer(815301076,1909f56bfc062723c751e8b465ee728b)  -> (artifact id: 'e6e74642044eb4a22d2154d0e40a0fac') in 0.014161 seconds
  Import took 0.019817 seconds .

========================================================================
Received Import Request.
  Time since last request: 39.137669 seconds.
  path: Assets/Scenes/SampleScene.unity
  artifactKey: Guid(d1c3109bdb54ad54c8a2b2838528e640) Importer(815301076,1909f56bfc062723c751e8b465ee728b)
Start importing Assets/Scenes/SampleScene.unity using Guid(d1c3109bdb54ad54c8a2b2838528e640) Importer(815301076,1909f56bfc062723c751e8b465ee728b)  -> (artifact id: '79af21c715ad3f8ec68fde553ae08e8c') in 0.013137 seconds
  Import took 0.024993 seconds .

========================================================================
Received Import Request.
  Time since last request: 0.000790 seconds.
  path: Assets/Scenes/SampleScene.unity
  artifactKey: Guid(d1c3109bdb54ad54c8a2b2838528e640) Importer(815301076,1909f56bfc062723c751e8b465ee728b)
Start importing Assets/Scenes/SampleScene.unity using Guid(d1c3109bdb54ad54c8a2b2838528e640) Importer(815301076,1909f56bfc062723c751e8b465ee728b)  -> (artifact id: '79af21c715ad3f8ec68fde553ae08e8c') in 0.006317 seconds
  Import took 0.015148 seconds .

========================================================================
Received Import Request.
  Time since last request: 59.808802 seconds.
  path: Packages/com.unity.mathematics
  artifactKey: Guid(795e97ad99e2f6ffd2060ae1983b6f25) Importer(815301076,1909f56bfc062723c751e8b465ee728b)
Start importing Packages/com.unity.mathematics using Guid(795e97ad99e2f6ffd2060ae1983b6f25) Importer(815301076,1909f56bfc062723c751e8b465ee728b)  -> (artifact id: 'd72360880d5172ca6fc8d95a76b6f99f') in 0.013947 seconds
  Import took 0.020627 seconds .

========================================================================
Received Import Request.
  Time since last request: 3.204526 seconds.
  path: Packages/com.unity.cinemachine
  artifactKey: Guid(c19eb9a4b328654bd4ca551e1c34b76c) Importer(815301076,1909f56bfc062723c751e8b465ee728b)
Start importing Packages/com.unity.cinemachine using Guid(c19eb9a4b328654bd4ca551e1c34b76c) Importer(815301076,1909f56bfc062723c751e8b465ee728b)  -> (artifact id: '50eb9886baa43cb8afa6097669942742') in 0.019089 seconds
  Import took 0.026412 seconds .

========================================================================
Received Import Request.
  Time since last request: 22.506035 seconds.
  path: Assets/Materials/Plane.mat
  artifactKey: Guid(9688ffccdd3f31b47b4ecc84b2627301) Importer(815301076,1909f56bfc062723c751e8b465ee728b)
Start importing Assets/Materials/Plane.mat using Guid(9688ffccdd3f31b47b4ecc84b2627301) Importer(815301076,1909f56bfc062723c751e8b465ee728b)  -> (artifact id: '099c8e3d6cc8d4f8d20d9726cbeca5a4') in 0.105725 seconds
  Import took 0.113100 seconds .

========================================================================
Received Import Request.
  Time since last request: 0.010128 seconds.
  path: Assets/Materials/Plane.mat
  artifactKey: Guid(9688ffccdd3f31b47b4ecc84b2627301) Importer(815301076,1909f56bfc062723c751e8b465ee728b)
Start importing Assets/Materials/Plane.mat using Guid(9688ffccdd3f31b47b4ecc84b2627301) Importer(815301076,1909f56bfc062723c751e8b465ee728b)  -> (artifact id: '099c8e3d6cc8d4f8d20d9726cbeca5a4') in 0.025621 seconds
  Import took 0.037562 seconds .

========================================================================
Received Import Request.
  Time since last request: 73.806839 seconds.
  path: Assets/URPToonShading-main/Materials/Yellow.mat
  artifactKey: Guid(4cd3263b3203abf4597e57978db8e301) Importer(815301076,1909f56bfc062723c751e8b465ee728b)
Start importing Assets/URPToonShading-main/Materials/Yellow.mat using Guid(4cd3263b3203abf4597e57978db8e301) Importer(815301076,1909f56bfc062723c751e8b465ee728b)  -> (artifact id: '0a117980885f4741967340ce2235c018') in 0.072327 seconds
  Import took 0.080609 seconds .

========================================================================
Received Import Request.
  Time since last request: 0.005656 seconds.
  path: Assets/URPToonShading-main/Materials/Yellow.mat
  artifactKey: Guid(4cd3263b3203abf4597e57978db8e301) Importer(815301076,1909f56bfc062723c751e8b465ee728b)
Start importing Assets/URPToonShading-main/Materials/Yellow.mat using Guid(4cd3263b3203abf4597e57978db8e301) Importer(815301076,1909f56bfc062723c751e8b465ee728b)  -> (artifact id: '0a117980885f4741967340ce2235c018') in 0.022092 seconds
  Import took 0.029910 seconds .

========================================================================
Received Import Request.
  Time since last request: 145.321873 seconds.
  path: Assets/FlatKit/Demos/[Water] Various Presets/Water Vessels Scene - Presets/WaterVessels-Preset-01.preset
  artifactKey: Guid(5042ebcb0c9d54c3690fd5ba2eadf399) Importer(815301076,1909f56bfc062723c751e8b465ee728b)
Start importing Assets/FlatKit/Demos/[Water] Various Presets/Water Vessels Scene - Presets/WaterVessels-Preset-01.preset using Guid(5042ebcb0c9d54c3690fd5ba2eadf399) Importer(815301076,1909f56bfc062723c751e8b465ee728b)  -> (artifact id: '1a5d336fc949c6468ef1823355582598') in 0.056459 seconds
  Import took 0.065432 seconds .

========================================================================
Received Import Request.
  Time since last request: 0.000245 seconds.
  path: Assets/FlatKit/PresetsShared/Presets/MatteGradient_StylSurf_None_HGrad.preset
  artifactKey: Guid(3d19f09e60fc647a38149d23660010b7) Importer(815301076,1909f56bfc062723c751e8b465ee728b)
Start importing Assets/FlatKit/PresetsShared/Presets/MatteGradient_StylSurf_None_HGrad.preset using Guid(3d19f09e60fc647a38149d23660010b7) Importer(815301076,1909f56bfc062723c751e8b465ee728b)  -> (artifact id: '501c0b45bb23d51fdb0a6f8fef555de3') in 0.014968 seconds
  Import took 0.023961 seconds .

========================================================================
Received Import Request.
  Time since last request: 0.000426 seconds.
  path: Assets/FlatKit/PresetsShared/Presets/CelWithRim02__StylSurf_Single_ExCel_Spec_Rim.preset
  artifactKey: Guid(0859201f5c4f045e8b9ba5f1af163f87) Importer(815301076,1909f56bfc062723c751e8b465ee728b)
Start importing Assets/FlatKit/PresetsShared/Presets/CelWithRim02__StylSurf_Single_ExCel_Spec_Rim.preset using Guid(0859201f5c4f045e8b9ba5f1af163f87) Importer(815301076,1909f56bfc062723c751e8b465ee728b)  -> (artifact id: '35d115623c7811808f1a61b5e57625db') in 0.018089 seconds
  Import took 0.024352 seconds .

========================================================================
Received Import Request.
  Time since last request: 0.000251 seconds.
  path: Assets/FlatKit/PresetsShared/Presets/LacquerBlack__StylSurf_Single_ExCel_Spec_Rim.preset
  artifactKey: Guid(dc36ba418995649368fe391ad932f49d) Importer(815301076,1909f56bfc062723c751e8b465ee728b)
Start importing Assets/FlatKit/PresetsShared/Presets/LacquerBlack__StylSurf_Single_ExCel_Spec_Rim.preset using Guid(dc36ba418995649368fe391ad932f49d) Importer(815301076,1909f56bfc062723c751e8b465ee728b)  -> (artifact id: '49cd01440c71a72465c088efc6ee133b') in 0.013849 seconds
  Import took 0.020877 seconds .

========================================================================
Received Import Request.
  Time since last request: 0.000357 seconds.
  path: Assets/FlatKit/PresetsShared/Presets/LacquerGray__StylSurf_Single_ExCel_Spec_Rim.preset
  artifactKey: Guid(1e8cca678c3bf4b29a2febf9ec8033d4) Importer(815301076,1909f56bfc062723c751e8b465ee728b)
Start importing Assets/FlatKit/PresetsShared/Presets/LacquerGray__StylSurf_Single_ExCel_Spec_Rim.preset using Guid(1e8cca678c3bf4b29a2febf9ec8033d4) Importer(815301076,1909f56bfc062723c751e8b465ee728b)  -> (artifact id: '084f89cc74bcf29100d3482058153e1e') in 0.030717 seconds
  Import took 0.038475 seconds .

========================================================================
Received Import Request.
  Time since last request: 0.000236 seconds.
  path: Assets/FlatKit/PresetsShared/Presets/MatteBronze__StylSurf_Single_Spec_Rim_HGrad.preset
  artifactKey: Guid(f5efd5a1ab60c463e93507651a2c2b10) Importer(815301076,1909f56bfc062723c751e8b465ee728b)
Start importing Assets/FlatKit/PresetsShared/Presets/MatteBronze__StylSurf_Single_Spec_Rim_HGrad.preset using Guid(f5efd5a1ab60c463e93507651a2c2b10) Importer(815301076,1909f56bfc062723c751e8b465ee728b)  -> (artifact id: 'def9cf500614c81a080bbfe6c744478e') in 0.021958 seconds
  Import took 0.029124 seconds .

========================================================================
Received Import Request.
  Time since last request: 0.000253 seconds.
  path: Assets/FlatKit/PresetsShared/Presets/DarkPaleWhiteRim__StylSurf_Single_Rim.preset
  artifactKey: Guid(43b03547ec2ca448196c456bc591c940) Importer(815301076,1909f56bfc062723c751e8b465ee728b)
Start importing Assets/FlatKit/PresetsShared/Presets/DarkPaleWhiteRim__StylSurf_Single_Rim.preset using Guid(43b03547ec2ca448196c456bc591c940) Importer(815301076,1909f56bfc062723c751e8b465ee728b)  -> (artifact id: '05e7f8d402c86633851ad22500bdbb96') in 0.012705 seconds
  Import took 0.019483 seconds .

========================================================================
Received Import Request.
  Time since last request: 0.000349 seconds.
  path: Assets/FlatKit/PresetsShared/Presets/BlackEdge01__StylSurf_None_Rim.preset
  artifactKey: Guid(373253ea28cbc4427845b8ea30979272) Importer(815301076,1909f56bfc062723c751e8b465ee728b)
Start importing Assets/FlatKit/PresetsShared/Presets/BlackEdge01__StylSurf_None_Rim.preset using Guid(373253ea28cbc4427845b8ea30979272) Importer(815301076,1909f56bfc062723c751e8b465ee728b)  -> (artifact id: '774871b07d2beed43c02edc470f93fc5') in 0.015364 seconds
  Import took 0.022618 seconds .

========================================================================
Received Import Request.
  Time since last request: 0.000332 seconds.
  path: Assets/FlatKit/Demos/[Water] Various Presets/Water Vessels Scene - Presets/WaterVessels-Preset-01.preset
  artifactKey: Guid(5042ebcb0c9d54c3690fd5ba2eadf399) Importer(815301076,1909f56bfc062723c751e8b465ee728b)
Start importing Assets/FlatKit/Demos/[Water] Various Presets/Water Vessels Scene - Presets/WaterVessels-Preset-01.preset using Guid(5042ebcb0c9d54c3690fd5ba2eadf399) Importer(815301076,1909f56bfc062723c751e8b465ee728b)  -> (artifact id: '1a5d336fc949c6468ef1823355582598') in 0.011127 seconds
  Import took 0.017887 seconds .

========================================================================
Received Import Request.
  Time since last request: 0.000259 seconds.
  path: Assets/FlatKit/PresetsShared/Presets/GlassLook01__StylSurf_Single_Spec.preset
  artifactKey: Guid(85fd45c797bb4455c9c348896e9ceb92) Importer(815301076,1909f56bfc062723c751e8b465ee728b)
Start importing Assets/FlatKit/PresetsShared/Presets/GlassLook01__StylSurf_Single_Spec.preset using Guid(85fd45c797bb4455c9c348896e9ceb92) Importer(815301076,1909f56bfc062723c751e8b465ee728b)  -> (artifact id: '26a62027d36f1854f739adfca869b1f1') in 0.021069 seconds
  Import took 0.027591 seconds .

========================================================================
Received Import Request.
  Time since last request: 0.000305 seconds.
  path: Assets/FlatKit/PresetsShared/Presets/CelWithRim01__StylSurf_Single_ExCel_Spec_Rim.preset
  artifactKey: Guid(88ef9f7d83fe1461ea18c9dccc623a7e) Importer(815301076,1909f56bfc062723c751e8b465ee728b)
Start importing Assets/FlatKit/PresetsShared/Presets/CelWithRim01__StylSurf_Single_ExCel_Spec_Rim.preset using Guid(88ef9f7d83fe1461ea18c9dccc623a7e) Importer(815301076,1909f56bfc062723c751e8b465ee728b)  -> (artifact id: '934c0bf25eb9ac74c712cc583a1132ea') in 0.012581 seconds
  Import took 0.017685 seconds .

========================================================================
Received Import Request.
  Time since last request: 0.034060 seconds.
  path: Assets/FlatKit/PresetsShared/Presets/GlassLook01__StylSurf_Single_Spec.preset
  artifactKey: Guid(85fd45c797bb4455c9c348896e9ceb92) Importer(815301076,1909f56bfc062723c751e8b465ee728b)
Start importing Assets/FlatKit/PresetsShared/Presets/GlassLook01__StylSurf_Single_Spec.preset using Guid(85fd45c797bb4455c9c348896e9ceb92) Importer(815301076,1909f56bfc062723c751e8b465ee728b)  -> (artifact id: '26a62027d36f1854f739adfca869b1f1') in 0.010028 seconds
  Import took 0.016233 seconds .

========================================================================
Received Import Request.
  Time since last request: 3.660855 seconds.
  path: Assets/FlatKit/[Render Pipeline] URP/Water/Shaders/Water.shader
  artifactKey: Guid(efcaf526ceb1f4efd9eb4e4c30c6ade6) Importer(815301076,1909f56bfc062723c751e8b465ee728b)
Start importing Assets/FlatKit/[Render Pipeline] URP/Water/Shaders/Water.shader using Guid(efcaf526ceb1f4efd9eb4e4c30c6ade6) Importer(815301076,1909f56bfc062723c751e8b465ee728b)  -> (artifact id: '3f1dc4ac574b281d5170c4caaa84e8b6') in 0.013364 seconds
  Import took 0.020282 seconds .

========================================================================
Received Import Request.
  Time since last request: 222.699212 seconds.
  path: Assets/PoolManagerExampleFiles
  artifactKey: Guid(0accc6aa0fbe46a4ca94da4b0ac8ac69) Importer(815301076,1909f56bfc062723c751e8b465ee728b)
Start importing Assets/PoolManagerExampleFiles using Guid(0accc6aa0fbe46a4ca94da4b0ac8ac69) Importer(815301076,1909f56bfc062723c751e8b465ee728b)  -> (artifact id: '30676a75a2899bbd107cb000af16f794') in 0.028225 seconds
  Import took 0.034615 seconds .

========================================================================
Received Prepare
Registering precompiled user dll's ...
Registered in 0.002005 seconds.
Begin MonoManager ReloadAssembly
Native extension for WindowsStandalone target not found
Refreshing native plugins compatible for Editor in 0.71 ms, found 0 plugins.
Preloading 0 native plugins for Editor in 0.00 ms.
Invoked RoslynAnalysisRunner static constructor.
RoslynAnalysisRunner will not be running.
RoslynAnalysisRunner has terminated.
Mono: successfully reloaded assembly
- Completed reload, in  2.371 seconds
Platform modules already initialized, skipping
Switching build target platform(5) subTarget(0) extendedPlatform(0) -> platform(13) subTarget(537395200) extendedPlatform(0)
Shader 'Universal Render Pipeline/Particles/Lit': fallback shader 'Universal Render Pipeline/Particles/SimpleLit' not found
Shader 'Universal Render Pipeline/Particles/Lit': fallback shader 'Universal Render Pipeline/Particles/SimpleLit' not found
Refreshing native plugins compatible for Editor in 0.90 ms, found 0 plugins.
Preloading 0 native plugins for Editor in 0.00 ms.
Unloading 2536 Unused Serialized files (Serialized files now loaded: 0)
System memory in use before: 197.5 MB.
System memory in use after: 194.2 MB.

Unloading 56 unused Assets to reduce memory usage. Loaded Objects now: 3207.
Total: 6.176900 ms (FindLiveObjects: 0.420300 ms CreateObjectMapping: 0.366700 ms MarkObjects: 3.022000 ms  DeleteObjects: 2.366200 ms)

AssetImportParameters requested are different than current active one (requested -> active):
  custom:graphics/normal-map-encoding: 01000000000000000000000000000000 -> 02000000000000000000000000000000
========================================================================
Received Import Request.
  Time since last request: 146.098530 seconds.
  path: Assets/Materials/MainColor.mat
  artifactKey: Guid(ced3f14f540341c4aafa5a2b5072116f) Importer(815301076,1909f56bfc062723c751e8b465ee728b)
Start importing Assets/Materials/MainColor.mat using Guid(ced3f14f540341c4aafa5a2b5072116f) Importer(815301076,1909f56bfc062723c751e8b465ee728b)  -> (artifact id: 'e393126d803b324c20153fac826c8acf') in 0.438677 seconds
  Import took 0.446058 seconds .

========================================================================
Received Import Request.
  Time since last request: 0.000316 seconds.
  path: Assets/Materials/Water.mat
  artifactKey: Guid(315609e3126e52f4e96cb272fd2a85d2) Importer(815301076,1909f56bfc062723c751e8b465ee728b)
Start importing Assets/Materials/Water.mat using Guid(315609e3126e52f4e96cb272fd2a85d2) Importer(815301076,1909f56bfc062723c751e8b465ee728b)  -> (artifact id: 'afefd59ada81d7b8f784a337099dc6ef') in 0.021391 seconds
  Import took 0.043455 seconds .

========================================================================
Received Import Request.
  Time since last request: 0.000312 seconds.
  path: Assets/Materials/MainColor.mat
  artifactKey: Guid(ced3f14f540341c4aafa5a2b5072116f) Importer(815301076,1909f56bfc062723c751e8b465ee728b)
Start importing Assets/Materials/MainColor.mat using Guid(ced3f14f540341c4aafa5a2b5072116f) Importer(815301076,1909f56bfc062723c751e8b465ee728b)  -> (artifact id: 'e393126d803b324c20153fac826c8acf') in 0.052830 seconds
  Import took 0.061423 seconds .

========================================================================
Received Import Request.
  Time since last request: 0.000251 seconds.
  path: Assets/Materials/Player.mat
  artifactKey: Guid(2d466fbd738228c499e3f703c3a4f50c) Importer(815301076,1909f56bfc062723c751e8b465ee728b)
Start importing Assets/Materials/Player.mat using Guid(2d466fbd738228c499e3f703c3a4f50c) Importer(815301076,1909f56bfc062723c751e8b465ee728b)  -> (artifact id: '511251ede5efbb98907a756212ba515d') in 0.085683 seconds
  Import took 0.092277 seconds .

========================================================================
Received Import Request.
  Time since last request: 60.358692 seconds.
  path: Assets/Materials/Plane.mat
  artifactKey: Guid(9688ffccdd3f31b47b4ecc84b2627301) Importer(815301076,1909f56bfc062723c751e8b465ee728b)
Start importing Assets/Materials/Plane.mat using Guid(9688ffccdd3f31b47b4ecc84b2627301) Importer(815301076,1909f56bfc062723c751e8b465ee728b)  -> (artifact id: '1fd12c6f03fd7ba6be8b354ce2952b40') in 0.580562 seconds
  Import took 0.588073 seconds .

========================================================================
Received Import Request.
  Time since last request: 0.000274 seconds.
  path: Assets/Materials/Player.mat
  artifactKey: Guid(2d466fbd738228c499e3f703c3a4f50c) Importer(815301076,1909f56bfc062723c751e8b465ee728b)
Start importing Assets/Materials/Player.mat using Guid(2d466fbd738228c499e3f703c3a4f50c) Importer(815301076,1909f56bfc062723c751e8b465ee728b)  -> (artifact id: 'a48564e1bf422203b8f15fe0de697fef') in 0.014810 seconds
  Import took 0.050464 seconds .

========================================================================
Received Import Request.
  Time since last request: 64.868705 seconds.
  path: Assets/FlatKit/FlatKit Manual.pdf
  artifactKey: Guid(1da15b1d522c64014bbeb329bb43be6b) Importer(815301076,1909f56bfc062723c751e8b465ee728b)
Start importing Assets/FlatKit/FlatKit Manual.pdf using Guid(1da15b1d522c64014bbeb329bb43be6b) Importer(815301076,1909f56bfc062723c751e8b465ee728b)  -> (artifact id: 'fdb1830fe28c05696b739e8c23d878cd') in 0.027809 seconds
  Import took 0.034695 seconds .

========================================================================
Received Import Request.
  Time since last request: 198.349930 seconds.
  path: Assets/Materials/Player.mat
  artifactKey: Guid(2d466fbd738228c499e3f703c3a4f50c) Importer(815301076,1909f56bfc062723c751e8b465ee728b)
Start importing Assets/Materials/Player.mat using Guid(2d466fbd738228c499e3f703c3a4f50c) Importer(815301076,1909f56bfc062723c751e8b465ee728b)  -> (artifact id: '223dd04263ea7bcedbdc02e0c05759b9') in 0.074065 seconds
  Import took 0.084364 seconds .

========================================================================
Received Prepare
Registering precompiled user dll's ...
Registered in 0.001992 seconds.
Begin MonoManager ReloadAssembly
Native extension for WindowsStandalone target not found
Refreshing native plugins compatible for Editor in 0.88 ms, found 0 plugins.
Preloading 0 native plugins for Editor in 0.00 ms.
Invoked RoslynAnalysisRunner static constructor.
RoslynAnalysisRunner will not be running.
RoslynAnalysisRunner has terminated.
Mono: successfully reloaded assembly
- Completed reload, in  1.852 seconds
Platform modules already initialized, skipping
Switching build target platform(5) subTarget(0) extendedPlatform(0) -> platform(13) subTarget(537395200) extendedPlatform(0)
Shader 'Universal Render Pipeline/Particles/Lit': fallback shader 'Universal Render Pipeline/Particles/SimpleLit' not found
Shader 'Universal Render Pipeline/Particles/Lit': fallback shader 'Universal Render Pipeline/Particles/SimpleLit' not found
Refreshing native plugins compatible for Editor in 0.93 ms, found 0 plugins.
Preloading 0 native plugins for Editor in 0.00 ms.
Unloading 2533 Unused Serialized files (Serialized files now loaded: 0)
System memory in use before: 197.4 MB.
System memory in use after: 194.1 MB.

Unloading 47 unused Assets to reduce memory usage. Loaded Objects now: 3246.
Total: 6.765600 ms (FindLiveObjects: 0.329100 ms CreateObjectMapping: 0.176500 ms MarkObjects: 3.206400 ms  DeleteObjects: 3.051300 ms)

AssetImportParameters requested are different than current active one (requested -> active):
  custom:graphics/normal-map-encoding: 01000000000000000000000000000000 -> 02000000000000000000000000000000
========================================================================
Received Prepare
Registering precompiled user dll's ...
Registered in 0.005297 seconds.
Begin MonoManager ReloadAssembly
Native extension for WindowsStandalone target not found
Refreshing native plugins compatible for Editor in 0.77 ms, found 0 plugins.
Preloading 0 native plugins for Editor in 0.00 ms.
Invoked RoslynAnalysisRunner static constructor.
RoslynAnalysisRunner will not be running.
RoslynAnalysisRunner has terminated.
Mono: successfully reloaded assembly
- Completed reload, in  1.720 seconds
Platform modules already initialized, skipping
Switching build target platform(5) subTarget(0) extendedPlatform(0) -> platform(13) subTarget(537395200) extendedPlatform(0)
Shader 'Universal Render Pipeline/Particles/Lit': fallback shader 'Universal Render Pipeline/Particles/SimpleLit' not found
Shader 'Universal Render Pipeline/Particles/Lit': fallback shader 'Universal Render Pipeline/Particles/SimpleLit' not found
Refreshing native plugins compatible for Editor in 1.13 ms, found 0 plugins.
Preloading 0 native plugins for Editor in 0.00 ms.
Unloading 2533 Unused Serialized files (Serialized files now loaded: 0)
System memory in use before: 197.3 MB.
System memory in use after: 194.0 MB.

Unloading 47 unused Assets to reduce memory usage. Loaded Objects now: 3249.
Total: 7.715700 ms (FindLiveObjects: 0.529900 ms CreateObjectMapping: 0.334700 ms MarkObjects: 4.214000 ms  DeleteObjects: 2.634200 ms)

AssetImportParameters requested are different than current active one (requested -> active):
  custom:graphics/normal-map-encoding: 01000000000000000000000000000000 -> 02000000000000000000000000000000
========================================================================
Received Prepare
Registering precompiled user dll's ...
Registered in 0.003733 seconds.
Begin MonoManager ReloadAssembly
Native extension for WindowsStandalone target not found
Refreshing native plugins compatible for Editor in 1.07 ms, found 0 plugins.
Preloading 0 native plugins for Editor in 0.00 ms.
Invoked RoslynAnalysisRunner static constructor.
RoslynAnalysisRunner will not be running.
RoslynAnalysisRunner has terminated.
Mono: successfully reloaded assembly
- Completed reload, in  1.791 seconds
Platform modules already initialized, skipping
Switching build target platform(5) subTarget(0) extendedPlatform(0) -> platform(13) subTarget(537395200) extendedPlatform(0)
Shader 'Universal Render Pipeline/Particles/Lit': fallback shader 'Universal Render Pipeline/Particles/SimpleLit' not found
Shader 'Universal Render Pipeline/Particles/Lit': fallback shader 'Universal Render Pipeline/Particles/SimpleLit' not found
Refreshing native plugins compatible for Editor in 1.33 ms, found 0 plugins.
Preloading 0 native plugins for Editor in 0.00 ms.
Unloading 2533 Unused Serialized files (Serialized files now loaded: 0)
System memory in use before: 197.4 MB.
System memory in use after: 194.1 MB.

Unloading 47 unused Assets to reduce memory usage. Loaded Objects now: 3252.
Total: 9.452600 ms (FindLiveObjects: 0.952200 ms CreateObjectMapping: 0.347000 ms MarkObjects: 5.158800 ms  DeleteObjects: 2.991400 ms)

AssetImportParameters requested are different than current active one (requested -> active):
  custom:graphics/normal-map-encoding: 01000000000000000000000000000000 -> 02000000000000000000000000000000
========================================================================
Received Import Request.
  Time since last request: 588.453475 seconds.
  path: Assets/Assets/FInalPlace.fbx
  artifactKey: Guid(060cff88f8fcd1041825347184285ff1) Importer(815301076,1909f56bfc062723c751e8b465ee728b)
Start importing Assets/Assets/FInalPlace.fbx using Guid(060cff88f8fcd1041825347184285ff1) Importer(815301076,1909f56bfc062723c751e8b465ee728b)  -> (artifact id: '66883436d8bdae06503661b1a5602b5d') in 0.589022 seconds
  Import took 0.604097 seconds .

========================================================================
Received Import Request.
  Time since last request: 6.238936 seconds.
  path: Assets/Materials/Centre.mat
  artifactKey: Guid(8759a90627c4ae6468c934c093637e51) Importer(815301076,1909f56bfc062723c751e8b465ee728b)
Start importing Assets/Materials/Centre.mat using Guid(8759a90627c4ae6468c934c093637e51) Importer(815301076,1909f56bfc062723c751e8b465ee728b)  -> (artifact id: '55df0bce932fe39e5a78b559dcff39d4') in 0.712464 seconds
  Import took 0.723037 seconds .

========================================================================
Received Import Request.
  Time since last request: 0.000245 seconds.
  path: Assets/Materials/Plane.mat
  artifactKey: Guid(9688ffccdd3f31b47b4ecc84b2627301) Importer(815301076,1909f56bfc062723c751e8b465ee728b)
Start importing Assets/Materials/Plane.mat using Guid(9688ffccdd3f31b47b4ecc84b2627301) Importer(815301076,1909f56bfc062723c751e8b465ee728b)  -> (artifact id: '48fa27d7b84a7d1c54fbab592e7505b6') in 0.030050 seconds
  Import took 0.037188 seconds .

========================================================================
Received Import Request.
  Time since last request: 0.000174 seconds.
  path: Assets/Materials/MainColor.mat
  artifactKey: Guid(ced3f14f540341c4aafa5a2b5072116f) Importer(815301076,1909f56bfc062723c751e8b465ee728b)
Start importing Assets/Materials/MainColor.mat using Guid(ced3f14f540341c4aafa5a2b5072116f) Importer(815301076,1909f56bfc062723c751e8b465ee728b)  -> (artifact id: 'e9e4d9c3cb50be5c7856710f34217e27') in 0.063409 seconds
  Import took 0.072753 seconds .

========================================================================
Received Import Request.
  Time since last request: 0.000249 seconds.
  path: Assets/Materials/Circle.mat
  artifactKey: Guid(7f1bfcbc223c590438993a9bbff12f1b) Importer(815301076,1909f56bfc062723c751e8b465ee728b)
Start importing Assets/Materials/Circle.mat using Guid(7f1bfcbc223c590438993a9bbff12f1b) Importer(815301076,1909f56bfc062723c751e8b465ee728b)  -> (artifact id: 'e24b5b487fd99e3244236afe9c2a127d') in 0.048272 seconds
  Import took 0.055225 seconds .

========================================================================
Received Import Request.
  Time since last request: 0.000291 seconds.
  path: Assets/Materials/Player.mat
  artifactKey: Guid(2d466fbd738228c499e3f703c3a4f50c) Importer(815301076,1909f56bfc062723c751e8b465ee728b)
Start importing Assets/Materials/Player.mat using Guid(2d466fbd738228c499e3f703c3a4f50c) Importer(815301076,1909f56bfc062723c751e8b465ee728b)  -> (artifact id: 'd4e426503de542e3417955153708db79') in 0.041780 seconds
  Import took 0.050954 seconds .

========================================================================
Received Import Request.
  Time since last request: 10.930190 seconds.
  path: Assets/Assets/Materials/Circle.mat
  artifactKey: Guid(cdd76c17bd4d71f47b0b1be26e164796) Importer(815301076,1909f56bfc062723c751e8b465ee728b)
Start importing Assets/Assets/Materials/Circle.mat using Guid(cdd76c17bd4d71f47b0b1be26e164796) Importer(815301076,1909f56bfc062723c751e8b465ee728b)  -> (artifact id: 'a239cfc06a804ad7d8fdd5326bb3e15e') in 0.449615 seconds
  Import took 0.467266 seconds .

========================================================================
Received Import Request.
  Time since last request: 0.000087 seconds.
  path: Assets/Assets/Materials/Material.003.mat
  artifactKey: Guid(3b7d6f0da25c78e43817a24563252ea0) Importer(815301076,1909f56bfc062723c751e8b465ee728b)
Start importing Assets/Assets/Materials/Material.003.mat using Guid(3b7d6f0da25c78e43817a24563252ea0) Importer(815301076,1909f56bfc062723c751e8b465ee728b)  -> (artifact id: '154b0a40c9cdb7dbc6365a8c2379f342') in 0.085568 seconds
  Import took 0.105427 seconds .

========================================================================
Received Import Request.
  Time since last request: 0.000969 seconds.
  path: Assets/Assets/Materials/Circle.mat
  artifactKey: Guid(cdd76c17bd4d71f47b0b1be26e164796) Importer(815301076,1909f56bfc062723c751e8b465ee728b)
Start importing Assets/Assets/Materials/Circle.mat using Guid(cdd76c17bd4d71f47b0b1be26e164796) Importer(815301076,1909f56bfc062723c751e8b465ee728b)  -> (artifact id: 'a239cfc06a804ad7d8fdd5326bb3e15e') in 0.189977 seconds
  Import took 0.199351 seconds .

========================================================================
Received Import Request.
  Time since last request: 0.000328 seconds.
  path: Assets/Assets/Materials/Material.004.mat
  artifactKey: Guid(1a7a36a748da567418a32dfdf54f4a9b) Importer(815301076,1909f56bfc062723c751e8b465ee728b)
Start importing Assets/Assets/Materials/Material.004.mat using Guid(1a7a36a748da567418a32dfdf54f4a9b) Importer(815301076,1909f56bfc062723c751e8b465ee728b)  -> (artifact id: 'd2174e309b4322ff26e38c1003fd6198') in 0.042828 seconds
  Import took 0.054620 seconds .

========================================================================
Received Import Request.
  Time since last request: 0.000336 seconds.
  path: Assets/Assets/Materials/Material.001.mat
  artifactKey: Guid(65a6f9a7d0da6994ab3ffe60bada223c) Importer(815301076,1909f56bfc062723c751e8b465ee728b)
Start importing Assets/Assets/Materials/Material.001.mat using Guid(65a6f9a7d0da6994ab3ffe60bada223c) Importer(815301076,1909f56bfc062723c751e8b465ee728b)  -> (artifact id: '3c36ab45965589e8a2f4c9a3e2284990') in 0.102366 seconds
  Import took 0.110471 seconds .

========================================================================
Received Import Request.
  Time since last request: 0.000285 seconds.
  path: Assets/Assets/Materials/Material.006.mat
  artifactKey: Guid(4bb3b6950dcaf5245bdb8db0ed3021df) Importer(815301076,1909f56bfc062723c751e8b465ee728b)
Start importing Assets/Assets/Materials/Material.006.mat using Guid(4bb3b6950dcaf5245bdb8db0ed3021df) Importer(815301076,1909f56bfc062723c751e8b465ee728b)  -> (artifact id: '6b4f22a3a618b4168961e6bbb90fffe3') in 0.058113 seconds
  Import took 0.075279 seconds .

========================================================================
Received Prepare
Registering precompiled user dll's ...
Registered in 0.003831 seconds.
Begin MonoManager ReloadAssembly
Native extension for WindowsStandalone target not found
Refreshing native plugins compatible for Editor in 2.13 ms, found 0 plugins.
Preloading 0 native plugins for Editor in 0.00 ms.
Invoked RoslynAnalysisRunner static constructor.
RoslynAnalysisRunner will not be running.
RoslynAnalysisRunner has terminated.
Mono: successfully reloaded assembly
- Completed reload, in  2.624 seconds
Platform modules already initialized, skipping
Switching build target platform(5) subTarget(0) extendedPlatform(0) -> platform(13) subTarget(537395200) extendedPlatform(0)
Shader 'Universal Render Pipeline/Particles/Lit': fallback shader 'Universal Render Pipeline/Particles/SimpleLit' not found
Shader 'Universal Render Pipeline/Particles/Lit': fallback shader 'Universal Render Pipeline/Particles/SimpleLit' not found
Refreshing native plugins compatible for Editor in 1.44 ms, found 0 plugins.
Preloading 0 native plugins for Editor in 0.00 ms.
Unloading 2533 Unused Serialized files (Serialized files now loaded: 0)
System memory in use before: 197.6 MB.
System memory in use after: 194.3 MB.

Unloading 47 unused Assets to reduce memory usage. Loaded Objects now: 3291.
Total: 9.354500 ms (FindLiveObjects: 0.370900 ms CreateObjectMapping: 0.195100 ms MarkObjects: 2.854600 ms  DeleteObjects: 5.930500 ms)

AssetImportParameters requested are different than current active one (requested -> active):
  custom:graphics/normal-map-encoding: 01000000000000000000000000000000 -> 02000000000000000000000000000000
========================================================================
Received Prepare
Registering precompiled user dll's ...
Registered in 0.002254 seconds.
Begin MonoManager ReloadAssembly
Native extension for WindowsStandalone target not found
Refreshing native plugins compatible for Editor in 0.67 ms, found 0 plugins.
Preloading 0 native plugins for Editor in 0.00 ms.
Invoked RoslynAnalysisRunner static constructor.
RoslynAnalysisRunner will not be running.
RoslynAnalysisRunner has terminated.
Mono: successfully reloaded assembly
- Completed reload, in  2.198 seconds
Platform modules already initialized, skipping
Switching build target platform(5) subTarget(0) extendedPlatform(0) -> platform(13) subTarget(537395200) extendedPlatform(0)
Shader 'Universal Render Pipeline/Particles/Lit': fallback shader 'Universal Render Pipeline/Particles/SimpleLit' not found
Shader 'Universal Render Pipeline/Particles/Lit': fallback shader 'Universal Render Pipeline/Particles/SimpleLit' not found
Refreshing native plugins compatible for Editor in 1.07 ms, found 0 plugins.
Preloading 0 native plugins for Editor in 0.00 ms.
Unloading 2533 Unused Serialized files (Serialized files now loaded: 0)
System memory in use before: 197.7 MB.
System memory in use after: 194.3 MB.

Unloading 47 unused Assets to reduce memory usage. Loaded Objects now: 3294.
Total: 6.426300 ms (FindLiveObjects: 0.431700 ms CreateObjectMapping: 0.229700 ms MarkObjects: 2.442700 ms  DeleteObjects: 3.318400 ms)

AssetImportParameters requested are different than current active one (requested -> active):
  custom:graphics/normal-map-encoding: 01000000000000000000000000000000 -> 02000000000000000000000000000000
========================================================================
Received Import Request.
  Time since last request: 542.771071 seconds.
  path: Assets/Materials/OutlineSettings.asset
  artifactKey: Guid(efca5cbb6ab2b124294d810ee4cb0928) Importer(815301076,1909f56bfc062723c751e8b465ee728b)
Start importing Assets/Materials/OutlineSettings.asset using Guid(efca5cbb6ab2b124294d810ee4cb0928) Importer(815301076,1909f56bfc062723c751e8b465ee728b)  -> (artifact id: 'c8a0960e4714dfc9ab69603a0701fae1') in 0.082248 seconds
  Import took 0.087538 seconds .

========================================================================
Received Prepare
Registering precompiled user dll's ...
Registered in 0.002486 seconds.
Begin MonoManager ReloadAssembly
Native extension for WindowsStandalone target not found
Refreshing native plugins compatible for Editor in 0.65 ms, found 0 plugins.
Preloading 0 native plugins for Editor in 0.00 ms.
Invoked RoslynAnalysisRunner static constructor.
RoslynAnalysisRunner will not be running.
RoslynAnalysisRunner has terminated.
Mono: successfully reloaded assembly
- Completed reload, in  1.245 seconds
Platform modules already initialized, skipping
Switching build target platform(5) subTarget(0) extendedPlatform(0) -> platform(13) subTarget(537395200) extendedPlatform(0)
Shader 'Universal Render Pipeline/Particles/Lit': fallback shader 'Universal Render Pipeline/Particles/SimpleLit' not found
Shader 'Universal Render Pipeline/Particles/Lit': fallback shader 'Universal Render Pipeline/Particles/SimpleLit' not found
Refreshing native plugins compatible for Editor in 0.84 ms, found 0 plugins.
Preloading 0 native plugins for Editor in 0.00 ms.
Unloading 2533 Unused Serialized files (Serialized files now loaded: 0)
System memory in use before: 197.7 MB.
System memory in use after: 194.3 MB.

Unloading 47 unused Assets to reduce memory usage. Loaded Objects now: 3297.
Total: 9.029800 ms (FindLiveObjects: 0.766000 ms CreateObjectMapping: 0.244000 ms MarkObjects: 3.921900 ms  DeleteObjects: 4.095700 ms)

AssetImportParameters requested are different than current active one (requested -> active):
  custom:graphics/normal-map-encoding: 01000000000000000000000000000000 -> 02000000000000000000000000000000
========================================================================
Received Prepare
Registering precompiled user dll's ...
Registered in 0.002766 seconds.
Begin MonoManager ReloadAssembly
Native extension for WindowsStandalone target not found
Refreshing native plugins compatible for Editor in 1.93 ms, found 0 plugins.
Preloading 0 native plugins for Editor in 0.00 ms.
Invoked RoslynAnalysisRunner static constructor.
RoslynAnalysisRunner will not be running.
RoslynAnalysisRunner has terminated.
Mono: successfully reloaded assembly
- Completed reload, in  3.293 seconds
Platform modules already initialized, skipping
Switching build target platform(5) subTarget(0) extendedPlatform(0) -> platform(13) subTarget(537395200) extendedPlatform(0)
Shader 'Universal Render Pipeline/Particles/Lit': fallback shader 'Universal Render Pipeline/Particles/SimpleLit' not found
Shader 'Universal Render Pipeline/Particles/Lit': fallback shader 'Universal Render Pipeline/Particles/SimpleLit' not found
Refreshing native plugins compatible for Editor in 1.75 ms, found 0 plugins.
Preloading 0 native plugins for Editor in 0.00 ms.
Unloading 2533 Unused Serialized files (Serialized files now loaded: 0)
System memory in use before: 197.7 MB.
System memory in use after: 194.3 MB.

Unloading 47 unused Assets to reduce memory usage. Loaded Objects now: 3300.
Total: 20.376500 ms (FindLiveObjects: 0.666700 ms CreateObjectMapping: 0.401300 ms MarkObjects: 14.293400 ms  DeleteObjects: 5.004200 ms)

AssetImportParameters requested are different than current active one (requested -> active):
  custom:graphics/normal-map-encoding: 01000000000000000000000000000000 -> 02000000000000000000000000000000
========================================================================
Received Prepare
Registering precompiled user dll's ...
Registered in 0.002043 seconds.
Begin MonoManager ReloadAssembly
Native extension for WindowsStandalone target not found
Refreshing native plugins compatible for Editor in 0.86 ms, found 0 plugins.
Preloading 0 native plugins for Editor in 0.00 ms.
Invoked RoslynAnalysisRunner static constructor.
RoslynAnalysisRunner will not be running.
RoslynAnalysisRunner has terminated.
Mono: successfully reloaded assembly
- Completed reload, in  1.231 seconds
Platform modules already initialized, skipping
Switching build target platform(5) subTarget(0) extendedPlatform(0) -> platform(13) subTarget(537395200) extendedPlatform(0)
Shader 'Universal Render Pipeline/Particles/Lit': fallback shader 'Universal Render Pipeline/Particles/SimpleLit' not found
Shader 'Universal Render Pipeline/Particles/Lit': fallback shader 'Universal Render Pipeline/Particles/SimpleLit' not found
Refreshing native plugins compatible for Editor in 1.12 ms, found 0 plugins.
Preloading 0 native plugins for Editor in 0.00 ms.
Unloading 2533 Unused Serialized files (Serialized files now loaded: 0)
System memory in use before: 197.7 MB.
System memory in use after: 194.3 MB.

Unloading 47 unused Assets to reduce memory usage. Loaded Objects now: 3303.
Total: 6.795000 ms (FindLiveObjects: 0.449900 ms CreateObjectMapping: 0.315400 ms MarkObjects: 3.122900 ms  DeleteObjects: 2.904500 ms)

AssetImportParameters requested are different than current active one (requested -> active):
  custom:graphics/normal-map-encoding: 01000000000000000000000000000000 -> 02000000000000000000000000000000
========================================================================
Received Import Request.
  Time since last request: 441.347123 seconds.
  path: Assets/Animations/CharacterFBX@Belly Dance.fbx
  artifactKey: Guid(320504c56e1f5bd4ea6b6de04265b71b) Importer(815301076,1909f56bfc062723c751e8b465ee728b)
Start importing Assets/Animations/CharacterFBX@Belly Dance.fbx using Guid(320504c56e1f5bd4ea6b6de04265b71b) Importer(815301076,1909f56bfc062723c751e8b465ee728b)  -> (artifact id: '9112eac039d19a7e2e48486c4e7ba55f') in 1.013314 seconds
  Import took 1.059572 seconds .

========================================================================
Received Import Request.
  Time since last request: 10.070057 seconds.
  path: Assets/Animations/CharacterFBX@Belly Dance.fbx
  artifactKey: Guid(320504c56e1f5bd4ea6b6de04265b71b) Importer(815301076,1909f56bfc062723c751e8b465ee728b)
Start importing Assets/Animations/CharacterFBX@Belly Dance.fbx using Guid(320504c56e1f5bd4ea6b6de04265b71b) Importer(815301076,1909f56bfc062723c751e8b465ee728b)  -> (artifact id: 'bc5a36f4543eb29a1476617041164283') in 0.123024 seconds
  Import took 0.130424 seconds .

========================================================================
Received Prepare
Registering precompiled user dll's ...
Registered in 0.003042 seconds.
Begin MonoManager ReloadAssembly
Native extension for WindowsStandalone target not found
Refreshing native plugins compatible for Editor in 0.64 ms, found 0 plugins.
Preloading 0 native plugins for Editor in 0.00 ms.
Invoked RoslynAnalysisRunner static constructor.
RoslynAnalysisRunner will not be running.
RoslynAnalysisRunner has terminated.
Mono: successfully reloaded assembly
- Completed reload, in  1.344 seconds
Platform modules already initialized, skipping
Switching build target platform(5) subTarget(0) extendedPlatform(0) -> platform(13) subTarget(537395200) extendedPlatform(0)
Shader 'Universal Render Pipeline/Particles/Lit': fallback shader 'Universal Render Pipeline/Particles/SimpleLit' not found
Shader 'Universal Render Pipeline/Particles/Lit': fallback shader 'Universal Render Pipeline/Particles/SimpleLit' not found
Refreshing native plugins compatible for Editor in 2.72 ms, found 0 plugins.
Preloading 0 native plugins for Editor in 0.00 ms.
Unloading 2533 Unused Serialized files (Serialized files now loaded: 0)
System memory in use before: 211.3 MB.
System memory in use after: 208.0 MB.

Unloading 47 unused Assets to reduce memory usage. Loaded Objects now: 3343.
Total: 6.356900 ms (FindLiveObjects: 0.331700 ms CreateObjectMapping: 0.146400 ms MarkObjects: 2.896800 ms  DeleteObjects: 2.980000 ms)

AssetImportParameters requested are different than current active one (requested -> active):
  custom:graphics/normal-map-encoding: 01000000000000000000000000000000 -> 02000000000000000000000000000000
========================================================================
Received Prepare
Registering precompiled user dll's ...
Registered in 0.003334 seconds.
Begin MonoManager ReloadAssembly
Native extension for WindowsStandalone target not found
Refreshing native plugins compatible for Editor in 0.64 ms, found 0 plugins.
Preloading 0 native plugins for Editor in 0.00 ms.
Invoked RoslynAnalysisRunner static constructor.
RoslynAnalysisRunner will not be running.
RoslynAnalysisRunner has terminated.
Mono: successfully reloaded assembly
- Completed reload, in  1.254 seconds
Platform modules already initialized, skipping
Switching build target platform(5) subTarget(0) extendedPlatform(0) -> platform(13) subTarget(537395200) extendedPlatform(0)
Shader 'Universal Render Pipeline/Particles/Lit': fallback shader 'Universal Render Pipeline/Particles/SimpleLit' not found
Shader 'Universal Render Pipeline/Particles/Lit': fallback shader 'Universal Render Pipeline/Particles/SimpleLit' not found
Refreshing native plugins compatible for Editor in 1.20 ms, found 0 plugins.
Preloading 0 native plugins for Editor in 0.00 ms.
Unloading 2533 Unused Serialized files (Serialized files now loaded: 0)
System memory in use before: 211.3 MB.
System memory in use after: 208.0 MB.

Unloading 47 unused Assets to reduce memory usage. Loaded Objects now: 3346.
Total: 7.107000 ms (FindLiveObjects: 0.568100 ms CreateObjectMapping: 0.225300 ms MarkObjects: 3.576300 ms  DeleteObjects: 2.734700 ms)

AssetImportParameters requested are different than current active one (requested -> active):
  custom:graphics/normal-map-encoding: 01000000000000000000000000000000 -> 02000000000000000000000000000000
========================================================================
Received Prepare
Shader 'Universal Render Pipeline/Particles/Lit': fallback shader 'Universal Render Pipeline/Particles/SimpleLit' not found
Shader 'Universal Render Pipeline/Particles/Lit': fallback shader 'Universal Render Pipeline/Particles/SimpleLit' not found
Refreshing native plugins compatible for Editor in 3.85 ms, found 0 plugins.
Preloading 0 native plugins for Editor in 0.00 ms.
Unloading 44 Unused Serialized files (Serialized files now loaded: 0)
System memory in use before: 163.0 MB.
System memory in use after: 159.7 MB.

Unloading 44 unused Assets to reduce memory usage. Loaded Objects now: 3346.
Total: 10.333300 ms (FindLiveObjects: 0.591700 ms CreateObjectMapping: 0.415500 ms MarkObjects: 4.723600 ms  DeleteObjects: 4.599200 ms)

========================================================================
Received Prepare
Registering precompiled user dll's ...
Registered in 0.428271 seconds.
Begin MonoManager ReloadAssembly
Native extension for WindowsStandalone target not found
Refreshing native plugins compatible for Editor in 0.87 ms, found 0 plugins.
Preloading 0 native plugins for Editor in 0.00 ms.
Invoked RoslynAnalysisRunner static constructor.
RoslynAnalysisRunner will not be running.
RoslynAnalysisRunner has terminated.
Mono: successfully reloaded assembly
- Completed reload, in 16.088 seconds
Platform modules already initialized, skipping
Switching build target platform(5) subTarget(0) extendedPlatform(0) -> platform(13) subTarget(537395200) extendedPlatform(0)
Shader 'Universal Render Pipeline/Particles/Lit': fallback shader 'Universal Render Pipeline/Particles/SimpleLit' not found
Shader 'Universal Render Pipeline/Particles/Lit': fallback shader 'Universal Render Pipeline/Particles/SimpleLit' not found
Refreshing native plugins compatible for Editor in 1.74 ms, found 0 plugins.
Preloading 0 native plugins for Editor in 0.00 ms.
Unloading 2533 Unused Serialized files (Serialized files now loaded: 0)
System memory in use before: 211.4 MB.
System memory in use after: 208.0 MB.

Unloading 47 unused Assets to reduce memory usage. Loaded Objects now: 3349.
Total: 12.014400 ms (FindLiveObjects: 0.507700 ms CreateObjectMapping: 0.177600 ms MarkObjects: 3.206000 ms  DeleteObjects: 8.120900 ms)

AssetImportParameters requested are different than current active one (requested -> active):
  custom:graphics/normal-map-encoding: 01000000000000000000000000000000 -> 02000000000000000000000000000000
========================================================================
Received Import Request.
  Time since last request: 5022.117010 seconds.
  path: Assets/FlyingRope  1.fbx
  artifactKey: Guid(76b36471bc7887447aea1315c61f95a0) Importer(815301076,1909f56bfc062723c751e8b465ee728b)
Start importing Assets/FlyingRope  1.fbx using Guid(76b36471bc7887447aea1315c61f95a0) Importer(815301076,1909f56bfc062723c751e8b465ee728b)  -> (artifact id: '30aa7467e24ab934b71769cc52ccaca6') in 5.547726 seconds
  Import took 6.087908 seconds .

========================================================================
Received Prepare
Registering precompiled user dll's ...
Registered in 0.377357 seconds.
Begin MonoManager ReloadAssembly
Native extension for WindowsStandalone target not found
Refreshing native plugins compatible for Editor in 2.46 ms, found 0 plugins.
Preloading 0 native plugins for Editor in 0.00 ms.
Invoked RoslynAnalysisRunner static constructor.
RoslynAnalysisRunner will not be running.
RoslynAnalysisRunner has terminated.
Mono: successfully reloaded assembly
- Completed reload, in 72.018 seconds
Platform modules already initialized, skipping
Switching build target platform(5) subTarget(0) extendedPlatform(0) -> platform(13) subTarget(537395200) extendedPlatform(0)
Shader 'Universal Render Pipeline/Particles/Lit': fallback shader 'Universal Render Pipeline/Particles/SimpleLit' not found
Shader 'Universal Render Pipeline/Particles/Lit': fallback shader 'Universal Render Pipeline/Particles/SimpleLit' not found
Refreshing native plugins compatible for Editor in 51.67 ms, found 0 plugins.
Preloading 0 native plugins for Editor in 0.00 ms.
Unloading 2533 Unused Serialized files (Serialized files now loaded: 0)
System memory in use before: 211.5 MB.
System memory in use after: 208.1 MB.

Unloading 47 unused Assets to reduce memory usage. Loaded Objects now: 3388.
Total: 573.286000 ms (FindLiveObjects: 34.419100 ms CreateObjectMapping: 0.747500 ms MarkObjects: 433.683200 ms  DeleteObjects: 104.427700 ms)

AssetImportParameters requested are different than current active one (requested -> active):
  custom:graphics/normal-map-encoding: 01000000000000000000000000000000 -> 02000000000000000000000000000000
