Using pre-set license
Built from '2020.3/staging' branch; Version is '2020.3.3f1 (76626098c1c4) revision 7758432'; Using compiler version '192528614'; Build Type 'Release'
OS: 'Windows 10 Pro; OS build 19042.928; Version 2009; 64bit' Language: 'en' Physical Memory: 7634 MB
BatchMode: 1, IsHumanControllingUs: 0, StartBugReporterOnCrash: 0, Is64bit: 1, IsPro: 0

 COMMAND LINE ARGUMENTS:
E:\Softwares\Unity\2020.3.3f1\Editor\Unity.exe
-adb2
-batchMode
-noUpm
-name
AssetImportWorker3
-projectPath
E:/Unity Project files/JumpRace3D_prototype
-logFile
Logs/AssetImportWorker3.log
-srvPort
51486
Successfully changed project path to: E:/Unity Project files/JumpRace3D_prototype
E:/Unity Project files/JumpRace3D_prototype
Using Asset Import Pipeline V2.
Refreshing native plugins compatible for Editor in 69.06 ms, found 0 plugins.
Preloading 0 native plugins for Editor in 0.00 ms.
Initialize engine version: 2020.3.3f1 (76626098c1c4)
[Subsystems] Discovering subsystems at path E:/Softwares/Unity/2020.3.3f1/Editor/Data/Resources/UnitySubsystems
[Subsystems] Discovering subsystems at path E:/Unity Project files/JumpRace3D_prototype/Assets
GfxDevice: creating device client; threaded=0
Direct3D:
    Version:  Direct3D 11.0 [level 11.1]
    Renderer: Intel(R) HD Graphics 4400 (ID=0x41e)
    Vendor:   
    VRAM:     2048 MB
    Driver:   20.19.15.4531
Initialize mono
Mono path[0] = 'E:/Softwares/Unity/2020.3.3f1/Editor/Data/Managed'
Mono path[1] = 'E:/Softwares/Unity/2020.3.3f1/Editor/Data/MonoBleedingEdge/lib/mono/unityjit'
Mono config path = 'E:/Softwares/Unity/2020.3.3f1/Editor/Data/MonoBleedingEdge/etc'
Using monoOptions --debugger-agent=transport=dt_socket,embedding=1,server=y,suspend=n,address=127.0.0.1:56428
Begin MonoManager ReloadAssembly
Registering precompiled unity dll's ...
Register platform support module: E:/Softwares/Unity/2020.3.3f1/Editor/Data/PlaybackEngines/WindowsStandaloneSupport/UnityEditor.WindowsStandalone.Extensions.dll
Registered in 0.001146 seconds.
Native extension for WindowsStandalone target not found
Refreshing native plugins compatible for Editor in 57.81 ms, found 0 plugins.
Preloading 0 native plugins for Editor in 0.00 ms.
Invoked RoslynAnalysisRunner static constructor.
RoslynAnalysisRunner will not be running.
RoslynAnalysisRunner has terminated.
Mono: successfully reloaded assembly
- Completed reload, in  2.002 seconds
Platform modules already initialized, skipping
Registering precompiled user dll's ...
Registered in 0.002340 seconds.
Begin MonoManager ReloadAssembly
Native extension for WindowsStandalone target not found
Refreshing native plugins compatible for Editor in 60.73 ms, found 0 plugins.
Preloading 0 native plugins for Editor in 0.00 ms.
Invoked RoslynAnalysisRunner static constructor.
RoslynAnalysisRunner will not be running.
RoslynAnalysisRunner has terminated.
Mono: successfully reloaded assembly
- Completed reload, in  1.599 seconds
Platform modules already initialized, skipping
========================================================================
Worker process is ready to serve import requests
Shader 'Universal Render Pipeline/Particles/Lit': fallback shader 'Universal Render Pipeline/Particles/SimpleLit' not found
Shader 'Universal Render Pipeline/Particles/Lit': fallback shader 'Universal Render Pipeline/Particles/SimpleLit' not found
Launched and connected shader compiler UnityShaderCompiler.exe after 0.14 seconds
Refreshing native plugins compatible for Editor in 0.95 ms, found 0 plugins.
Preloading 0 native plugins for Editor in 0.00 ms.
Unloading 2600 Unused Serialized files (Serialized files now loaded: 0)
System memory in use before: 193.6 MB.
System memory in use after: 191.2 MB.

Unloading 46 unused Assets to reduce memory usage. Loaded Objects now: 3021.
Total: 4.548200 ms (FindLiveObjects: 0.380600 ms CreateObjectMapping: 0.148100 ms MarkObjects: 2.444700 ms  DeleteObjects: 1.572800 ms)

========================================================================
Received Import Request.
  path: Assets/Materials/Water.mat
  artifactKey: Guid(315609e3126e52f4e96cb272fd2a85d2) Importer(815301076,1909f56bfc062723c751e8b465ee728b)
Start importing Assets/Materials/Water.mat using Guid(315609e3126e52f4e96cb272fd2a85d2) Importer(815301076,1909f56bfc062723c751e8b465ee728b)  -> (artifact id: '07a3667137a5425b98be4775e4369775') in 1.428695 seconds
  Import took 1.459690 seconds .

========================================================================
Received Prepare
Registering precompiled user dll's ...
Registered in 0.002341 seconds.
Begin MonoManager ReloadAssembly
Native extension for WindowsStandalone target not found
Refreshing native plugins compatible for Editor in 1.11 ms, found 0 plugins.
Preloading 0 native plugins for Editor in 0.00 ms.
Invoked RoslynAnalysisRunner static constructor.
RoslynAnalysisRunner will not be running.
RoslynAnalysisRunner has terminated.
Mono: successfully reloaded assembly
- Completed reload, in  1.809 seconds
Platform modules already initialized, skipping
Switching build target platform(5) subTarget(0) extendedPlatform(0) -> platform(13) subTarget(537395200) extendedPlatform(0)
Shader 'Universal Render Pipeline/Particles/Lit': fallback shader 'Universal Render Pipeline/Particles/SimpleLit' not found
Shader 'Universal Render Pipeline/Particles/Lit': fallback shader 'Universal Render Pipeline/Particles/SimpleLit' not found
Refreshing native plugins compatible for Editor in 0.77 ms, found 0 plugins.
Preloading 0 native plugins for Editor in 0.00 ms.
Unloading 2511 Unused Serialized files (Serialized files now loaded: 0)
System memory in use before: 193.1 MB.
System memory in use after: 190.7 MB.

Unloading 41 unused Assets to reduce memory usage. Loaded Objects now: 3102.
Total: 6.334100 ms (FindLiveObjects: 0.533200 ms CreateObjectMapping: 0.195900 ms MarkObjects: 3.794000 ms  DeleteObjects: 1.808200 ms)

AssetImportParameters requested are different than current active one (requested -> active):
  custom:graphics/normal-map-encoding: 01000000000000000000000000000000 -> 02000000000000000000000000000000
========================================================================
Received Import Request.
  Time since last request: 1353.269837 seconds.
  path: Assets/URPToonShading-main
  artifactKey: Guid(9ba9a8cdb9953fe43ac29d65e5e69210) Importer(815301076,1909f56bfc062723c751e8b465ee728b)
Start importing Assets/URPToonShading-main using Guid(9ba9a8cdb9953fe43ac29d65e5e69210) Importer(815301076,1909f56bfc062723c751e8b465ee728b)  -> (artifact id: 'fa3699439541a0d08662ac71bace8cf3') in 0.046910 seconds
  Import took 0.080630 seconds .

========================================================================
Received Import Request.
  Time since last request: 1.389419 seconds.
  path: Assets/URPToonShading-main/ToonShading.unity
  artifactKey: Guid(4b53eb9ef2ff2c94c8ed78825de2f702) Importer(815301076,1909f56bfc062723c751e8b465ee728b)
Start importing Assets/URPToonShading-main/ToonShading.unity using Guid(4b53eb9ef2ff2c94c8ed78825de2f702) Importer(815301076,1909f56bfc062723c751e8b465ee728b)  -> (artifact id: '8b1143f05d1c3771ade1a3ee46a063ba') in 0.040661 seconds
  Import took 0.072281 seconds .

========================================================================
Received Import Request.
  Time since last request: 0.654738 seconds.
  path: Assets/URPToonShading-main/Materials
  artifactKey: Guid(75f33f7463e5d0e4a91fcee39919fbfe) Importer(815301076,1909f56bfc062723c751e8b465ee728b)
Start importing Assets/URPToonShading-main/Materials using Guid(75f33f7463e5d0e4a91fcee39919fbfe) Importer(815301076,1909f56bfc062723c751e8b465ee728b)  -> (artifact id: '0fd5ffb4cbfef13dae4a1f68c93832c1') in 0.052857 seconds
  Import took 0.077448 seconds .

========================================================================
Received Import Request.
  Time since last request: 0.000279 seconds.
  path: Assets/URPToonShading-main/Materials/Yellow.mat
  artifactKey: Guid(4cd3263b3203abf4597e57978db8e301) Importer(815301076,1909f56bfc062723c751e8b465ee728b)
Start importing Assets/URPToonShading-main/Materials/Yellow.mat using Guid(4cd3263b3203abf4597e57978db8e301) Importer(815301076,1909f56bfc062723c751e8b465ee728b)  -> (artifact id: 'f9030405dfae6f98e24aa38e139aa2f1') in 0.303541 seconds
  Import took 0.351910 seconds .

========================================================================
Received Import Request.
  Time since last request: 0.000264 seconds.
  path: Assets/URPToonShading-main/Materials/Red.mat
  artifactKey: Guid(b769a1717eb390e44b305500c384c09f) Importer(815301076,1909f56bfc062723c751e8b465ee728b)
Start importing Assets/URPToonShading-main/Materials/Red.mat using Guid(b769a1717eb390e44b305500c384c09f) Importer(815301076,1909f56bfc062723c751e8b465ee728b)  -> (artifact id: '17c12c04d1192e846aa436eb8b0638d9') in 0.055226 seconds
  Import took 0.107850 seconds .

========================================================================
Received Import Request.
  Time since last request: 0.000216 seconds.
  path: Assets/URPToonShading-main/Materials/Green.mat
  artifactKey: Guid(3bae88229abd41941945c8670c98f957) Importer(815301076,1909f56bfc062723c751e8b465ee728b)
Start importing Assets/URPToonShading-main/Materials/Green.mat using Guid(3bae88229abd41941945c8670c98f957) Importer(815301076,1909f56bfc062723c751e8b465ee728b)  -> (artifact id: 'fb4bd21b3d90b3578e993737cee7ba9f') in 0.058362 seconds
  Import took 0.091626 seconds .

========================================================================
Received Import Request.
  Time since last request: 0.000237 seconds.
  path: Assets/URPToonShading-main/Materials/ToonUnlit.mat
  artifactKey: Guid(4af334c547618bf49bd3d1f26373c3f6) Importer(815301076,1909f56bfc062723c751e8b465ee728b)
Start importing Assets/URPToonShading-main/Materials/ToonUnlit.mat using Guid(4af334c547618bf49bd3d1f26373c3f6) Importer(815301076,1909f56bfc062723c751e8b465ee728b)  -> (artifact id: '225d6f1a7319fa8384fd9b7ed8a8a924') in 1.024447 seconds
  Import took 1.078506 seconds .

========================================================================
Received Import Request.
  Time since last request: 0.000563 seconds.
  path: Assets/URPToonShading-main/Materials/Blue.mat
  artifactKey: Guid(3bf056112d2475f458757d25ce9ff7ff) Importer(815301076,1909f56bfc062723c751e8b465ee728b)
Start importing Assets/URPToonShading-main/Materials/Blue.mat using Guid(3bf056112d2475f458757d25ce9ff7ff) Importer(815301076,1909f56bfc062723c751e8b465ee728b)  -> (artifact id: '9c1bad7f03d2b086d1de07045607580a') in 0.046600 seconds
  Import took 0.095311 seconds .

========================================================================
Received Import Request.
  Time since last request: 2.471335 seconds.
  path: Assets/URPToonShading-main/Materials/ShaderGraphs
  artifactKey: Guid(c461e134a8d09f648b0b39d97da9b39c) Importer(815301076,1909f56bfc062723c751e8b465ee728b)
Start importing Assets/URPToonShading-main/Materials/ShaderGraphs using Guid(c461e134a8d09f648b0b39d97da9b39c) Importer(815301076,1909f56bfc062723c751e8b465ee728b)  -> (artifact id: '46193969cde2bcbc055e59d0c16c77bc') in 0.029382 seconds
  Import took 0.072861 seconds .

========================================================================
Received Import Request.
  Time since last request: 1.855437 seconds.
  path: Assets/URPToonShading-main/Materials/ShaderGraphs/ToonUnlit.shadergraph
  artifactKey: Guid(362b1c22aaaa4f8459da6c77cb5ce5fc) Importer(815301076,1909f56bfc062723c751e8b465ee728b)
Start importing Assets/URPToonShading-main/Materials/ShaderGraphs/ToonUnlit.shadergraph using Guid(362b1c22aaaa4f8459da6c77cb5ce5fc) Importer(815301076,1909f56bfc062723c751e8b465ee728b)  -> (artifact id: '2d6a5ea81ea5478a9f04767eebf0fd65') in 0.031720 seconds
  Import took 0.037888 seconds .

========================================================================
Received Import Request.
  Time since last request: 0.518443 seconds.
  path: Assets/URPToonShading-main/Materials/ShaderGraphs/ToonUnlit.shadergraph
  artifactKey: Guid(362b1c22aaaa4f8459da6c77cb5ce5fc) Importer(815301076,1909f56bfc062723c751e8b465ee728b)
Start importing Assets/URPToonShading-main/Materials/ShaderGraphs/ToonUnlit.shadergraph using Guid(362b1c22aaaa4f8459da6c77cb5ce5fc) Importer(815301076,1909f56bfc062723c751e8b465ee728b)  -> (artifact id: '2d6a5ea81ea5478a9f04767eebf0fd65') in 0.005853 seconds
  Import took 0.134629 seconds .

========================================================================
Received Import Request.
  Time since last request: 162.355908 seconds.
  path: Assets/TextMesh Pro/Sprites/EmojiOne.png
  artifactKey: Guid(dffef66376be4fa480fb02b19edbe903) Importer(815301076,1909f56bfc062723c751e8b465ee728b)
Start importing Assets/TextMesh Pro/Sprites/EmojiOne.png using Guid(dffef66376be4fa480fb02b19edbe903) Importer(815301076,1909f56bfc062723c751e8b465ee728b)  -> (artifact id: '032e49931d58f25650f2060b67150bbc') in 0.193550 seconds
  Import took 0.347301 seconds .

